SF:/Users/adrien/Sources/Libraries/dash/src/mileage/mod.rs
FN:3,_RNvNtCsidUxMVPzG8V_4dash7mileage7mileage
FN:30,_RNvNtCsidUxMVPzG8V_4dash7mileage20length_unit_to_miles
FN:40,_RNvNtCsidUxMVPzG8V_4dash7mileage17distance_to_miles
FN:44,_RNvNtCsidUxMVPzG8V_4dash7mileage15time_to_seconds
FN:52,_RNvNtCsidUxMVPzG8V_4dash7mileage18time_unit_to_miles
FN:60,_RNvNtCsidUxMVPzG8V_4dash7mileage24get_workout_step_mileage
FN:3,_RNvNtCs2oAQmRP640C_4dash7mileage7mileage
FN:30,_RNvNtCs2oAQmRP640C_4dash7mileage20length_unit_to_miles
FN:40,_RNvNtCs2oAQmRP640C_4dash7mileage17distance_to_miles
FN:44,_RNvNtCs2oAQmRP640C_4dash7mileage15time_to_seconds
FN:52,_RNvNtCs2oAQmRP640C_4dash7mileage18time_unit_to_miles
FN:60,_RNvNtCs2oAQmRP640C_4dash7mileage24get_workout_step_mileage
FNDA:3,_RNvNtCsidUxMVPzG8V_4dash7mileage7mileage
FNDA:29,_RNvNtCsidUxMVPzG8V_4dash7mileage20length_unit_to_miles
FNDA:2,_RNvNtCsidUxMVPzG8V_4dash7mileage17distance_to_miles
FNDA:11,_RNvNtCsidUxMVPzG8V_4dash7mileage15time_to_seconds
FNDA:11,_RNvNtCsidUxMVPzG8V_4dash7mileage18time_unit_to_miles
FNDA:9,_RNvNtCsidUxMVPzG8V_4dash7mileage24get_workout_step_mileage
FNDA:0,_RNvNtCs2oAQmRP640C_4dash7mileage7mileage
FNDA:0,_RNvNtCs2oAQmRP640C_4dash7mileage20length_unit_to_miles
FNDA:0,_RNvNtCs2oAQmRP640C_4dash7mileage17distance_to_miles
FNDA:0,_RNvNtCs2oAQmRP640C_4dash7mileage15time_to_seconds
FNDA:0,_RNvNtCs2oAQmRP640C_4dash7mileage18time_unit_to_miles
FNDA:0,_RNvNtCs2oAQmRP640C_4dash7mileage24get_workout_step_mileage
FNF:6
FNH:6
DA:3,3
DA:4,3
DA:5,3
DA:7,3
DA:8,1
DA:9,1
DA:10,1
DA:11,2
DA:13,4
DA:14,3
DA:15,2
DA:16,2
DA:17,2
DA:18,2
DA:21,3
DA:22,1
DA:23,1
DA:24,1
DA:25,2
DA:27,3
DA:28,3
DA:30,29
DA:31,29
DA:32,25
DA:33,1
DA:34,1
DA:35,1
DA:36,1
DA:38,29
DA:40,2
DA:41,2
DA:42,2
DA:44,11
DA:45,11
DA:46,1
DA:47,9
DA:48,1
DA:50,11
DA:52,11
DA:53,11
DA:54,11
DA:55,11
DA:56,11
DA:57,11
DA:58,11
DA:60,9
DA:61,9
DA:62,1
DA:63,1
DA:64,1
DA:65,1
DA:66,8
DA:67,8
DA:68,1
DA:69,1
DA:70,1
DA:71,1
DA:72,1
DA:73,1
DA:74,1
DA:75,1
DA:76,5
DA:77,5
DA:78,5
DA:80,1
DA:82,8
DA:85,9
BRF:0
BRH:0
LF:67
LH:67
end_of_record
SF:/Users/adrien/Sources/Libraries/dash/src/mileage/tests.rs
FN:81,_RNvNtNtCsidUxMVPzG8V_4dash7mileage5testss_18test_empty_workout
FN:93,_RNvNtNtCsidUxMVPzG8V_4dash7mileage5testss_37test_workout_with_warmup_and_cooldown
FN:120,_RNvNtNtCsidUxMVPzG8V_4dash7mileage5testss_27test_workout_with_intervals
FN:158,_RNvNtNtCsidUxMVPzG8V_4dash7mileage5testss_28test_length_unit_conversions
FN:167,_RNvNtNtCsidUxMVPzG8V_4dash7mileage5testss_26test_time_unit_conversions
FN:193,_RNvNtNtCsidUxMVPzG8V_4dash7mileage5testss_25test_workout_step_mileage
FNDA:1,_RNvNtNtCsidUxMVPzG8V_4dash7mileage5testss_18test_empty_workout
FNDA:1,_RNvNtNtCsidUxMVPzG8V_4dash7mileage5testss_37test_workout_with_warmup_and_cooldown
FNDA:1,_RNvNtNtCsidUxMVPzG8V_4dash7mileage5testss_27test_workout_with_intervals
FNDA:1,_RNvNtNtCsidUxMVPzG8V_4dash7mileage5testss_28test_length_unit_conversions
FNDA:1,_RNvNtNtCsidUxMVPzG8V_4dash7mileage5testss_26test_time_unit_conversions
FNDA:1,_RNvNtNtCsidUxMVPzG8V_4dash7mileage5testss_25test_workout_step_mileage
FNF:6
FNH:6
DA:81,1
DA:82,1
DA:83,1
DA:84,1
DA:85,1
DA:86,1
DA:87,1
DA:88,1
DA:89,1
DA:90,1
DA:93,1
DA:94,1
DA:95,1
DA:96,1
DA:97,1
DA:98,1
DA:99,1
DA:100,1
DA:101,1
DA:102,1
DA:103,1
DA:104,1
DA:105,1
DA:106,1
DA:107,1
DA:108,1
DA:109,1
DA:110,1
DA:111,1
DA:112,1
DA:113,1
DA:114,1
DA:115,1
DA:116,1
DA:117,1
DA:120,1
DA:121,1
DA:122,1
DA:123,1
DA:124,1
DA:125,1
DA:126,1
DA:127,1
DA:128,1
DA:129,1
DA:130,1
DA:131,1
DA:132,1
DA:133,1
DA:134,1
DA:135,1
DA:136,1
DA:137,1
DA:138,1
DA:139,1
DA:140,1
DA:141,1
DA:142,1
DA:143,1
DA:144,1
DA:145,1
DA:146,1
DA:147,1
DA:148,1
DA:149,1
DA:150,1
DA:151,1
DA:152,1
DA:153,1
DA:154,1
DA:155,1
DA:158,1
DA:159,1
DA:160,1
DA:161,1
DA:162,1
DA:163,1
DA:164,1
DA:167,1
DA:168,1
DA:169,1
DA:170,1
DA:171,1
DA:172,1
DA:173,1
DA:174,1
DA:175,1
DA:176,1
DA:177,1
DA:178,1
DA:179,1
DA:180,1
DA:181,1
DA:183,1
DA:184,1
DA:185,1
DA:187,1
DA:188,1
DA:189,1
DA:190,1
DA:193,1
DA:194,1
DA:195,1
DA:196,1
DA:197,1
DA:198,1
DA:199,1
DA:200,1
DA:201,1
DA:202,1
DA:203,1
DA:204,1
DA:207,1
DA:208,1
DA:209,1
DA:210,1
DA:211,1
DA:212,1
DA:213,1
DA:214,1
DA:215,1
DA:216,1
DA:217,1
DA:218,1
DA:219,1
DA:222,1
DA:223,1
DA:224,1
DA:225,1
DA:226,1
DA:227,1
DA:228,1
DA:229,1
DA:230,1
DA:231,1
DA:232,1
DA:235,1
DA:236,1
DA:237,1
DA:238,1
DA:239,1
DA:240,1
DA:241,1
DA:242,1
DA:243,1
DA:244,1
DA:245,1
DA:246,1
DA:247,1
DA:248,1
DA:249,1
DA:250,1
DA:251,1
DA:252,1
DA:253,1
DA:254,1
DA:257,1
DA:258,1
DA:259,1
DA:260,1
DA:261,1
DA:262,1
DA:263,1
DA:264,1
DA:265,1
DA:266,1
DA:267,1
DA:268,1
BRF:0
BRH:0
LF:168
LH:168
end_of_record
SF:/Users/adrien/Sources/Libraries/dash/src/parser/mod.rs
FN:6,_RNvMNtCsidUxMVPzG8V_4dash6parserNtB2_4Rule9all_rules
FN:6,_RNCNvNtNtNvXs_NtCsidUxMVPzG8V_4dash6parserNtBc_10DashParserINtNtCsZGr40KKClp_4pest6parser6ParserNtBc_4RuleE5parse5rules6hidden4skip0Be_
FN:6,_RNCNvNtNtNvXs_NtCsidUxMVPzG8V_4dash6parserNtBc_10DashParserINtNtCsZGr40KKClp_4pest6parser6ParserNtBc_4RuleE5parse5rules7visible10WHITESPACE0Be_
FN:6,_RNCNCNvNtNtNvXs_NtCsidUxMVPzG8V_4dash6parserNtBe_10DashParserINtNtCsZGr40KKClp_4pest6parser6ParserNtBe_4RuleE5parse5rules7visible10WHITESPACE00Bg_
FN:6,_RNCNCNvNtNtNvXs_NtCsidUxMVPzG8V_4dash6parserNtBe_10DashParserINtNtCsZGr40KKClp_4pest6parser6ParserNtBe_4RuleE5parse5rules7visible10WHITESPACE0s_0Bg_
FN:6,_RNCNvNtNtNvXs_NtCsidUxMVPzG8V_4dash6parserNtBc_10DashParserINtNtCsZGr40KKClp_4pest6parser6ParserNtBc_4RuleE5parse5rules7visible7workout0Be_
FN:6,_RNCNCNvNtNtNvXs_NtCsidUxMVPzG8V_4dash6parserNtBe_10DashParserINtNtCsZGr40KKClp_4pest6parser6ParserNtBe_4RuleE5parse5rules7visible7workout00Bg_
FN:6,_RNCNCNCNvNtNtNvXs_NtCsidUxMVPzG8V_4dash6parserNtBg_10DashParserINtNtCsZGr40KKClp_4pest6parser6ParserNtBg_4RuleE5parse5rules7visible7workout000Bi_
FN:6,_RNCNCNCNvNtNtNvXs_NtCsidUxMVPzG8V_4dash6parserNtBg_10DashParserINtNtCsZGr40KKClp_4pest6parser6ParserNtBg_4RuleE5parse5rules7visible7workout00s_0Bi_
FN:6,_RNCNCNCNCNvNtNtNvXs_NtCsidUxMVPzG8V_4dash6parserNtBi_10DashParserINtNtCsZGr40KKClp_4pest6parser6ParserNtBi_4RuleE5parse5rules7visible7workout00s_00Bk_
FN:6,_RNCNCNCNCNCNvNtNtNvXs_NtCsidUxMVPzG8V_4dash6parserNtBk_10DashParserINtNtCsZGr40KKClp_4pest6parser6ParserNtBk_4RuleE5parse5rules7visible7workout00s_000Bm_
FN:6,_RNCNCNCNCNCNCNvNtNtNvXs_NtCsidUxMVPzG8V_4dash6parserNtBm_10DashParserINtNtCsZGr40KKClp_4pest6parser6ParserNtBm_4RuleE5parse5rules7visible7workout00s_0000Bo_
FN:6,_RNCNCNCNCNCNCNvNtNtNvXs_NtCsidUxMVPzG8V_4dash6parserNtBm_10DashParserINtNtCsZGr40KKClp_4pest6parser6ParserNtBm_4RuleE5parse5rules7visible7workout00s_000s_0Bo_
FN:6,_RNCNCNCNvNtNtNvXs_NtCsidUxMVPzG8V_4dash6parserNtBg_10DashParserINtNtCsZGr40KKClp_4pest6parser6ParserNtBg_4RuleE5parse5rules7visible7workout00s0_0Bi_
FN:6,_RNCNCNCNvNtNtNvXs_NtCsidUxMVPzG8V_4dash6parserNtBg_10DashParserINtNtCsZGr40KKClp_4pest6parser6ParserNtBg_4RuleE5parse5rules7visible7workout00s1_0Bi_
FN:6,_RNCNCNCNvNtNtNvXs_NtCsidUxMVPzG8V_4dash6parserNtBg_10DashParserINtNtCsZGr40KKClp_4pest6parser6ParserNtBg_4RuleE5parse5rules7visible7workout00s2_0Bi_
FN:6,_RNCNCNCNvNtNtNvXs_NtCsidUxMVPzG8V_4dash6parserNtBg_10DashParserINtNtCsZGr40KKClp_4pest6parser6ParserNtBg_4RuleE5parse5rules7visible7workout00s3_0Bi_
FN:6,_RNCNCNCNCNvNtNtNvXs_NtCsidUxMVPzG8V_4dash6parserNtBi_10DashParserINtNtCsZGr40KKClp_4pest6parser6ParserNtBi_4RuleE5parse5rules7visible7workout00s3_00Bk_
FN:6,_RNCNCNCNCNCNvNtNtNvXs_NtCsidUxMVPzG8V_4dash6parserNtBk_10DashParserINtNtCsZGr40KKClp_4pest6parser6ParserNtBk_4RuleE5parse5rules7visible7workout00s3_000Bm_
FN:6,_RNCNCNCNCNCNCNvNtNtNvXs_NtCsidUxMVPzG8V_4dash6parserNtBm_10DashParserINtNtCsZGr40KKClp_4pest6parser6ParserNtBm_4RuleE5parse5rules7visible7workout00s3_0000Bo_
FN:6,_RNCNCNCNCNCNCNvNtNtNvXs_NtCsidUxMVPzG8V_4dash6parserNtBm_10DashParserINtNtCsZGr40KKClp_4pest6parser6ParserNtBm_4RuleE5parse5rules7visible7workout00s3_000s_0Bo_
FN:6,_RNCNCNCNvNtNtNvXs_NtCsidUxMVPzG8V_4dash6parserNtBg_10DashParserINtNtCsZGr40KKClp_4pest6parser6ParserNtBg_4RuleE5parse5rules7visible7workout00s4_0Bi_
FN:6,_RNCNCNCNvNtNtNvXs_NtCsidUxMVPzG8V_4dash6parserNtBg_10DashParserINtNtCsZGr40KKClp_4pest6parser6ParserNtBg_4RuleE5parse5rules7visible7workout00s5_0Bi_
FN:6,_RNCNvNtNtNvXs_NtCsidUxMVPzG8V_4dash6parserNtBc_10DashParserINtNtCsZGr40KKClp_4pest6parser6ParserNtBc_4RuleE5parse5rules7visible11warmup_step0Be_
FN:6,_RNCNCNvNtNtNvXs_NtCsidUxMVPzG8V_4dash6parserNtBe_10DashParserINtNtCsZGr40KKClp_4pest6parser6ParserNtBe_4RuleE5parse5rules7visible11warmup_step00Bg_
FN:6,_RNCNCNCNvNtNtNvXs_NtCsidUxMVPzG8V_4dash6parserNtBg_10DashParserINtNtCsZGr40KKClp_4pest6parser6ParserNtBg_4RuleE5parse5rules7visible11warmup_step000Bi_
FN:6,_RNCNCNCNvNtNtNvXs_NtCsidUxMVPzG8V_4dash6parserNtBg_10DashParserINtNtCsZGr40KKClp_4pest6parser6ParserNtBg_4RuleE5parse5rules7visible11warmup_step00s_0Bi_
FN:6,_RNCNvNtNtNvXs_NtCsidUxMVPzG8V_4dash6parserNtBc_10DashParserINtNtCsZGr40KKClp_4pest6parser6ParserNtBc_4RuleE5parse5rules7visible13cooldown_step0Be_
FN:6,_RNCNCNvNtNtNvXs_NtCsidUxMVPzG8V_4dash6parserNtBe_10DashParserINtNtCsZGr40KKClp_4pest6parser6ParserNtBe_4RuleE5parse5rules7visible13cooldown_step00Bg_
FN:6,_RNCNCNCNvNtNtNvXs_NtCsidUxMVPzG8V_4dash6parserNtBg_10DashParserINtNtCsZGr40KKClp_4pest6parser6ParserNtBg_4RuleE5parse5rules7visible13cooldown_step000Bi_
FN:6,_RNCNCNCNvNtNtNvXs_NtCsidUxMVPzG8V_4dash6parserNtBg_10DashParserINtNtCsZGr40KKClp_4pest6parser6ParserNtBg_4RuleE5parse5rules7visible13cooldown_step00s_0Bi_
FN:6,_RNCNvNtNtNvXs_NtCsidUxMVPzG8V_4dash6parserNtBc_10DashParserINtNtCsZGr40KKClp_4pest6parser6ParserNtBc_4RuleE5parse5rules7visible15interval_blocks0Be_
FN:6,_RNCNCNvNtNtNvXs_NtCsidUxMVPzG8V_4dash6parserNtBe_10DashParserINtNtCsZGr40KKClp_4pest6parser6ParserNtBe_4RuleE5parse5rules7visible15interval_blocks00Bg_
FN:6,_RNCNCNCNvNtNtNvXs_NtCsidUxMVPzG8V_4dash6parserNtBg_10DashParserINtNtCsZGr40KKClp_4pest6parser6ParserNtBg_4RuleE5parse5rules7visible15interval_blocks000Bi_
FN:6,_RNCNCNCNvNtNtNvXs_NtCsidUxMVPzG8V_4dash6parserNtBg_10DashParserINtNtCsZGr40KKClp_4pest6parser6ParserNtBg_4RuleE5parse5rules7visible15interval_blocks00s_0Bi_
FN:6,_RNCNCNCNCNvNtNtNvXs_NtCsidUxMVPzG8V_4dash6parserNtBi_10DashParserINtNtCsZGr40KKClp_4pest6parser6ParserNtBi_4RuleE5parse5rules7visible15interval_blocks00s_00Bk_
FN:6,_RNCNCNCNCNCNvNtNtNvXs_NtCsidUxMVPzG8V_4dash6parserNtBk_10DashParserINtNtCsZGr40KKClp_4pest6parser6ParserNtBk_4RuleE5parse5rules7visible15interval_blocks00s_000Bm_
FN:6,_RNCNCNCNCNCNCNvNtNtNvXs_NtCsidUxMVPzG8V_4dash6parserNtBm_10DashParserINtNtCsZGr40KKClp_4pest6parser6ParserNtBm_4RuleE5parse5rules7visible15interval_blocks00s_0000Bo_
FN:6,_RNCNCNCNCNCNCNCNvNtNtNvXs_NtCsidUxMVPzG8V_4dash6parserNtBo_10DashParserINtNtCsZGr40KKClp_4pest6parser6ParserNtBo_4RuleE5parse5rules7visible15interval_blocks00s_00000Bq_
FN:6,_RNCNCNCNCNCNCNCNvNtNtNvXs_NtCsidUxMVPzG8V_4dash6parserNtBo_10DashParserINtNtCsZGr40KKClp_4pest6parser6ParserNtBo_4RuleE5parse5rules7visible15interval_blocks00s_0000s_0Bq_
FN:6,_RNCNCNCNCNCNCNCNCNvNtNtNvXs_NtCsidUxMVPzG8V_4dash6parserNtBq_10DashParserINtNtCsZGr40KKClp_4pest6parser6ParserNtBq_4RuleE5parse5rules7visible15interval_blocks00s_0000s_00Bs_
FN:6,_RNCNCNCNCNCNCNCNvNtNtNvXs_NtCsidUxMVPzG8V_4dash6parserNtBo_10DashParserINtNtCsZGr40KKClp_4pest6parser6ParserNtBo_4RuleE5parse5rules7visible15interval_blocks00s_0000s0_0Bq_
FN:6,_RNCNCNCNCNCNCNCNvNtNtNvXs_NtCsidUxMVPzG8V_4dash6parserNtBo_10DashParserINtNtCsZGr40KKClp_4pest6parser6ParserNtBo_4RuleE5parse5rules7visible15interval_blocks00s_0000s1_0Bq_
FN:6,_RNCNCNCNCNCNCNvNtNtNvXs_NtCsidUxMVPzG8V_4dash6parserNtBm_10DashParserINtNtCsZGr40KKClp_4pest6parser6ParserNtBm_4RuleE5parse5rules7visible15interval_blocks00s_000s_0Bo_
FN:6,_RNCNCNCNCNCNCNCNvNtNtNvXs_NtCsidUxMVPzG8V_4dash6parserNtBo_10DashParserINtNtCsZGr40KKClp_4pest6parser6ParserNtBo_4RuleE5parse5rules7visible15interval_blocks00s_000s_00Bq_
FN:6,_RNCNCNCNCNCNCNCNCNvNtNtNvXs_NtCsidUxMVPzG8V_4dash6parserNtBq_10DashParserINtNtCsZGr40KKClp_4pest6parser6ParserNtBq_4RuleE5parse5rules7visible15interval_blocks00s_000s_000Bs_
FN:6,_RNCNCNCNCNCNCNCNCNCNvNtNtNvXs_NtCsidUxMVPzG8V_4dash6parserNtBs_10DashParserINtNtCsZGr40KKClp_4pest6parser6ParserNtBs_4RuleE5parse5rules7visible15interval_blocks00s_000s_0000Bu_
FN:6,_RNCNCNCNCNCNCNCNCNCNCNvNtNtNvXs_NtCsidUxMVPzG8V_4dash6parserNtBu_10DashParserINtNtCsZGr40KKClp_4pest6parser6ParserNtBu_4RuleE5parse5rules7visible15interval_blocks00s_000s_00000Bw_
FN:6,_RNCNCNCNCNCNCNCNCNCNCNCNvNtNtNvXs_NtCsidUxMVPzG8V_4dash6parserNtBw_10DashParserINtNtCsZGr40KKClp_4pest6parser6ParserNtBw_4RuleE5parse5rules7visible15interval_blocks00s_000s_000000By_
FN:6,_RNCNCNCNCNCNCNCNCNCNCNCNvNtNtNvXs_NtCsidUxMVPzG8V_4dash6parserNtBw_10DashParserINtNtCsZGr40KKClp_4pest6parser6ParserNtBw_4RuleE5parse5rules7visible15interval_blocks00s_000s_00000s_0By_
FN:6,_RNCNCNCNCNCNCNCNCNCNCNCNCNvNtNtNvXs_NtCsidUxMVPzG8V_4dash6parserNtBy_10DashParserINtNtCsZGr40KKClp_4pest6parser6ParserNtBy_4RuleE5parse5rules7visible15interval_blocks00s_000s_00000s_00BA_
FN:6,_RNCNCNCNCNCNCNCNCNCNCNCNvNtNtNvXs_NtCsidUxMVPzG8V_4dash6parserNtBw_10DashParserINtNtCsZGr40KKClp_4pest6parser6ParserNtBw_4RuleE5parse5rules7visible15interval_blocks00s_000s_00000s0_0By_
FN:6,_RNCNCNCNCNCNCNCNCNCNCNCNvNtNtNvXs_NtCsidUxMVPzG8V_4dash6parserNtBw_10DashParserINtNtCsZGr40KKClp_4pest6parser6ParserNtBw_4RuleE5parse5rules7visible15interval_blocks00s_000s_00000s1_0By_
FN:6,_RNCNvNtNtNvXs_NtCsidUxMVPzG8V_4dash6parserNtBc_10DashParserINtNtCsZGr40KKClp_4pest6parser6ParserNtBc_4RuleE5parse5rules7visible14interval_block0Be_
FN:6,_RNCNCNvNtNtNvXs_NtCsidUxMVPzG8V_4dash6parserNtBe_10DashParserINtNtCsZGr40KKClp_4pest6parser6ParserNtBe_4RuleE5parse5rules7visible14interval_block00Bg_
FN:6,_RNCNCNCNvNtNtNvXs_NtCsidUxMVPzG8V_4dash6parserNtBg_10DashParserINtNtCsZGr40KKClp_4pest6parser6ParserNtBg_4RuleE5parse5rules7visible14interval_block000Bi_
FN:6,_RNCNCNCNCNvNtNtNvXs_NtCsidUxMVPzG8V_4dash6parserNtBi_10DashParserINtNtCsZGr40KKClp_4pest6parser6ParserNtBi_4RuleE5parse5rules7visible14interval_block0000Bk_
FN:6,_RNCNCNCNCNvNtNtNvXs_NtCsidUxMVPzG8V_4dash6parserNtBi_10DashParserINtNtCsZGr40KKClp_4pest6parser6ParserNtBi_4RuleE5parse5rules7visible14interval_block000s_0Bk_
FN:6,_RNCNCNCNCNvNtNtNvXs_NtCsidUxMVPzG8V_4dash6parserNtBi_10DashParserINtNtCsZGr40KKClp_4pest6parser6ParserNtBi_4RuleE5parse5rules7visible14interval_block000s0_0Bk_
FN:6,_RNCNCNCNCNvNtNtNvXs_NtCsidUxMVPzG8V_4dash6parserNtBi_10DashParserINtNtCsZGr40KKClp_4pest6parser6ParserNtBi_4RuleE5parse5rules7visible14interval_block000s1_0Bk_
FN:6,_RNCNCNCNCNvNtNtNvXs_NtCsidUxMVPzG8V_4dash6parserNtBi_10DashParserINtNtCsZGr40KKClp_4pest6parser6ParserNtBi_4RuleE5parse5rules7visible14interval_block000s2_0Bk_
FN:6,_RNCNCNCNCNvNtNtNvXs_NtCsidUxMVPzG8V_4dash6parserNtBi_10DashParserINtNtCsZGr40KKClp_4pest6parser6ParserNtBi_4RuleE5parse5rules7visible14interval_block000s3_0Bk_
FN:6,_RNCNCNCNCNvNtNtNvXs_NtCsidUxMVPzG8V_4dash6parserNtBi_10DashParserINtNtCsZGr40KKClp_4pest6parser6ParserNtBi_4RuleE5parse5rules7visible14interval_block000s4_0Bk_
FN:6,_RNCNCNCNCNvNtNtNvXs_NtCsidUxMVPzG8V_4dash6parserNtBi_10DashParserINtNtCsZGr40KKClp_4pest6parser6ParserNtBi_4RuleE5parse5rules7visible14interval_block000s5_0Bk_
FN:6,_RNCNvNtNtNvXs_NtCsidUxMVPzG8V_4dash6parserNtBc_10DashParserINtNtCsZGr40KKClp_4pest6parser6ParserNtBc_4RuleE5parse5rules7visible13interval_reps0Be_
FN:6,_RNCNCNvNtNtNvXs_NtCsidUxMVPzG8V_4dash6parserNtBe_10DashParserINtNtCsZGr40KKClp_4pest6parser6ParserNtBe_4RuleE5parse5rules7visible13interval_reps00Bg_
FN:6,_RNCNCNCNvNtNtNvXs_NtCsidUxMVPzG8V_4dash6parserNtBg_10DashParserINtNtCsZGr40KKClp_4pest6parser6ParserNtBg_4RuleE5parse5rules7visible13interval_reps000Bi_
FN:6,_RNCNCNCNvNtNtNvXs_NtCsidUxMVPzG8V_4dash6parserNtBg_10DashParserINtNtCsZGr40KKClp_4pest6parser6ParserNtBg_4RuleE5parse5rules7visible13interval_reps00s_0Bi_
FN:6,_RNCNCNCNCNvNtNtNvXs_NtCsidUxMVPzG8V_4dash6parserNtBi_10DashParserINtNtCsZGr40KKClp_4pest6parser6ParserNtBi_4RuleE5parse5rules7visible13interval_reps00s_00Bk_
FN:6,_RNCNCNCNCNCNvNtNtNvXs_NtCsidUxMVPzG8V_4dash6parserNtBk_10DashParserINtNtCsZGr40KKClp_4pest6parser6ParserNtBk_4RuleE5parse5rules7visible13interval_reps00s_000Bm_
FN:6,_RNCNCNCNCNCNCNvNtNtNvXs_NtCsidUxMVPzG8V_4dash6parserNtBm_10DashParserINtNtCsZGr40KKClp_4pest6parser6ParserNtBm_4RuleE5parse5rules7visible13interval_reps00s_0000Bo_
FN:6,_RNCNCNCNCNCNCNCNvNtNtNvXs_NtCsidUxMVPzG8V_4dash6parserNtBo_10DashParserINtNtCsZGr40KKClp_4pest6parser6ParserNtBo_4RuleE5parse5rules7visible13interval_reps00s_00000Bq_
FN:6,_RNCNCNCNCNCNCNCNvNtNtNvXs_NtCsidUxMVPzG8V_4dash6parserNtBo_10DashParserINtNtCsZGr40KKClp_4pest6parser6ParserNtBo_4RuleE5parse5rules7visible13interval_reps00s_0000s_0Bq_
FN:6,_RNCNCNCNCNCNCNvNtNtNvXs_NtCsidUxMVPzG8V_4dash6parserNtBm_10DashParserINtNtCsZGr40KKClp_4pest6parser6ParserNtBm_4RuleE5parse5rules7visible13interval_reps00s_000s_0Bo_
FN:6,_RNCNCNCNCNCNCNCNvNtNtNvXs_NtCsidUxMVPzG8V_4dash6parserNtBo_10DashParserINtNtCsZGr40KKClp_4pest6parser6ParserNtBo_4RuleE5parse5rules7visible13interval_reps00s_000s_00Bq_
FN:6,_RNCNCNCNCNCNCNCNCNvNtNtNvXs_NtCsidUxMVPzG8V_4dash6parserNtBq_10DashParserINtNtCsZGr40KKClp_4pest6parser6ParserNtBq_4RuleE5parse5rules7visible13interval_reps00s_000s_000Bs_
FN:6,_RNCNCNCNCNCNCNCNCNCNvNtNtNvXs_NtCsidUxMVPzG8V_4dash6parserNtBs_10DashParserINtNtCsZGr40KKClp_4pest6parser6ParserNtBs_4RuleE5parse5rules7visible13interval_reps00s_000s_0000Bu_
FN:6,_RNCNCNCNCNCNCNCNCNCNCNvNtNtNvXs_NtCsidUxMVPzG8V_4dash6parserNtBu_10DashParserINtNtCsZGr40KKClp_4pest6parser6ParserNtBu_4RuleE5parse5rules7visible13interval_reps00s_000s_00000Bw_
FN:6,_RNCNCNCNCNCNCNCNCNCNCNCNvNtNtNvXs_NtCsidUxMVPzG8V_4dash6parserNtBw_10DashParserINtNtCsZGr40KKClp_4pest6parser6ParserNtBw_4RuleE5parse5rules7visible13interval_reps00s_000s_000000By_
FN:6,_RNCNCNCNCNCNCNCNCNCNCNCNvNtNtNvXs_NtCsidUxMVPzG8V_4dash6parserNtBw_10DashParserINtNtCsZGr40KKClp_4pest6parser6ParserNtBw_4RuleE5parse5rules7visible13interval_reps00s_000s_00000s_0By_
FN:6,_RNCNvNtNtNvXs_NtCsidUxMVPzG8V_4dash6parserNtBc_10DashParserINtNtCsZGr40KKClp_4pest6parser6ParserNtBc_4RuleE5parse5rules7visible13interval_step0Be_
FN:6,_RNCNCNvNtNtNvXs_NtCsidUxMVPzG8V_4dash6parserNtBe_10DashParserINtNtCsZGr40KKClp_4pest6parser6ParserNtBe_4RuleE5parse5rules7visible13interval_step00Bg_
FN:6,_RNCNCNCNvNtNtNvXs_NtCsidUxMVPzG8V_4dash6parserNtBg_10DashParserINtNtCsZGr40KKClp_4pest6parser6ParserNtBg_4RuleE5parse5rules7visible13interval_step000Bi_
FN:6,_RNCNCNCNvNtNtNvXs_NtCsidUxMVPzG8V_4dash6parserNtBg_10DashParserINtNtCsZGr40KKClp_4pest6parser6ParserNtBg_4RuleE5parse5rules7visible13interval_step00s_0Bi_
FN:6,_RNCNCNCNCNvNtNtNvXs_NtCsidUxMVPzG8V_4dash6parserNtBi_10DashParserINtNtCsZGr40KKClp_4pest6parser6ParserNtBi_4RuleE5parse5rules7visible13interval_step00s_00Bk_
FN:6,_RNCNvNtNtNvXs_NtCsidUxMVPzG8V_4dash6parserNtBc_10DashParserINtNtCsZGr40KKClp_4pest6parser6ParserNtBc_4RuleE5parse5rules7visible8recovery0Be_
FN:6,_RNCNvNtNtNvXs_NtCsidUxMVPzG8V_4dash6parserNtBc_10DashParserINtNtCsZGr40KKClp_4pest6parser6ParserNtBc_4RuleE5parse5rules7visible12workout_step0Be_
FN:6,_RNCNCNvNtNtNvXs_NtCsidUxMVPzG8V_4dash6parserNtBe_10DashParserINtNtCsZGr40KKClp_4pest6parser6ParserNtBe_4RuleE5parse5rules7visible12workout_step00Bg_
FN:6,_RNCNCNCNvNtNtNvXs_NtCsidUxMVPzG8V_4dash6parserNtBg_10DashParserINtNtCsZGr40KKClp_4pest6parser6ParserNtBg_4RuleE5parse5rules7visible12workout_step000Bi_
FN:6,_RNCNCNCNvNtNtNvXs_NtCsidUxMVPzG8V_4dash6parserNtBg_10DashParserINtNtCsZGr40KKClp_4pest6parser6ParserNtBg_4RuleE5parse5rules7visible12workout_step00s_0Bi_
FN:6,_RNCNCNCNCNvNtNtNvXs_NtCsidUxMVPzG8V_4dash6parserNtBi_10DashParserINtNtCsZGr40KKClp_4pest6parser6ParserNtBi_4RuleE5parse5rules7visible12workout_step00s_00Bk_
FN:6,_RNCNCNCNCNCNvNtNtNvXs_NtCsidUxMVPzG8V_4dash6parserNtBk_10DashParserINtNtCsZGr40KKClp_4pest6parser6ParserNtBk_4RuleE5parse5rules7visible12workout_step00s_000Bm_
FN:6,_RNCNCNCNCNCNCNvNtNtNvXs_NtCsidUxMVPzG8V_4dash6parserNtBm_10DashParserINtNtCsZGr40KKClp_4pest6parser6ParserNtBm_4RuleE5parse5rules7visible12workout_step00s_0000Bo_
FN:6,_RNCNCNCNCNCNCNvNtNtNvXs_NtCsidUxMVPzG8V_4dash6parserNtBm_10DashParserINtNtCsZGr40KKClp_4pest6parser6ParserNtBm_4RuleE5parse5rules7visible12workout_step00s_000s_0Bo_
FN:6,_RNCNvNtNtNvXs_NtCsidUxMVPzG8V_4dash6parserNtBc_10DashParserINtNtCsZGr40KKClp_4pest6parser6ParserNtBc_4RuleE5parse5rules7visible5alert0Be_
FN:6,_RNCNvNtNtNvXs_NtCsidUxMVPzG8V_4dash6parserNtBc_10DashParserINtNtCsZGr40KKClp_4pest6parser6ParserNtBc_4RuleE5parse5rules7visible5alerts_0Be_
FN:6,_RNCNvNtNtNvXs_NtCsidUxMVPzG8V_4dash6parserNtBc_10DashParserINtNtCsZGr40KKClp_4pest6parser6ParserNtBc_4RuleE5parse5rules7visible16heart_rate_alert0Be_
FN:6,_RNCNCNvNtNtNvXs_NtCsidUxMVPzG8V_4dash6parserNtBe_10DashParserINtNtCsZGr40KKClp_4pest6parser6ParserNtBe_4RuleE5parse5rules7visible16heart_rate_alert00Bg_
FN:6,_RNCNCNvNtNtNvXs_NtCsidUxMVPzG8V_4dash6parserNtBe_10DashParserINtNtCsZGr40KKClp_4pest6parser6ParserNtBe_4RuleE5parse5rules7visible16heart_rate_alert0s_0Bg_
FN:6,_RNCNCNvNtNtNvXs_NtCsidUxMVPzG8V_4dash6parserNtBe_10DashParserINtNtCsZGr40KKClp_4pest6parser6ParserNtBe_4RuleE5parse5rules7visible16heart_rate_alert0s0_0Bg_
FN:6,_RNCNCNvNtNtNvXs_NtCsidUxMVPzG8V_4dash6parserNtBe_10DashParserINtNtCsZGr40KKClp_4pest6parser6ParserNtBe_4RuleE5parse5rules7visible16heart_rate_alert0s1_0Bg_
FN:6,_RNCNvNtNtNvXs_NtCsidUxMVPzG8V_4dash6parserNtBc_10DashParserINtNtCsZGr40KKClp_4pest6parser6ParserNtBc_4RuleE5parse5rules7visible2z10Be_
FN:6,_RNCNvNtNtNvXs_NtCsidUxMVPzG8V_4dash6parserNtBc_10DashParserINtNtCsZGr40KKClp_4pest6parser6ParserNtBc_4RuleE5parse5rules7visible2z20Be_
FN:6,_RNCNvNtNtNvXs_NtCsidUxMVPzG8V_4dash6parserNtBc_10DashParserINtNtCsZGr40KKClp_4pest6parser6ParserNtBc_4RuleE5parse5rules7visible2z30Be_
FN:6,_RNCNvNtNtNvXs_NtCsidUxMVPzG8V_4dash6parserNtBc_10DashParserINtNtCsZGr40KKClp_4pest6parser6ParserNtBc_4RuleE5parse5rules7visible2z40Be_
FN:6,_RNCNvNtNtNvXs_NtCsidUxMVPzG8V_4dash6parserNtBc_10DashParserINtNtCsZGr40KKClp_4pest6parser6ParserNtBc_4RuleE5parse5rules7visible2z50Be_
FN:6,_RNCNvNtNtNvXs_NtCsidUxMVPzG8V_4dash6parserNtBc_10DashParserINtNtCsZGr40KKClp_4pest6parser6ParserNtBc_4RuleE5parse5rules7visible20pace_threshold_alert0Be_
FN:6,_RNCNvNtNtNvXs_NtCsidUxMVPzG8V_4dash6parserNtBc_10DashParserINtNtCsZGr40KKClp_4pest6parser6ParserNtBc_4RuleE5parse5rules7visible16pace_range_alert0Be_
FN:6,_RNCNCNvNtNtNvXs_NtCsidUxMVPzG8V_4dash6parserNtBe_10DashParserINtNtCsZGr40KKClp_4pest6parser6ParserNtBe_4RuleE5parse5rules7visible16pace_range_alert00Bg_
FN:6,_RNCNCNCNvNtNtNvXs_NtCsidUxMVPzG8V_4dash6parserNtBg_10DashParserINtNtCsZGr40KKClp_4pest6parser6ParserNtBg_4RuleE5parse5rules7visible16pace_range_alert000Bi_
FN:6,_RNCNCNCNvNtNtNvXs_NtCsidUxMVPzG8V_4dash6parserNtBg_10DashParserINtNtCsZGr40KKClp_4pest6parser6ParserNtBg_4RuleE5parse5rules7visible16pace_range_alert00s_0Bi_
FN:6,_RNCNCNCNvNtNtNvXs_NtCsidUxMVPzG8V_4dash6parserNtBg_10DashParserINtNtCsZGr40KKClp_4pest6parser6ParserNtBg_4RuleE5parse5rules7visible16pace_range_alert00s0_0Bi_
FN:6,_RNCNCNCNvNtNtNvXs_NtCsidUxMVPzG8V_4dash6parserNtBg_10DashParserINtNtCsZGr40KKClp_4pest6parser6ParserNtBg_4RuleE5parse5rules7visible16pace_range_alert00s1_0Bi_
FN:6,_RNCNCNCNvNtNtNvXs_NtCsidUxMVPzG8V_4dash6parserNtBg_10DashParserINtNtCsZGr40KKClp_4pest6parser6ParserNtBg_4RuleE5parse5rules7visible16pace_range_alert00s2_0Bi_
FN:6,_RNCNCNCNvNtNtNvXs_NtCsidUxMVPzG8V_4dash6parserNtBg_10DashParserINtNtCsZGr40KKClp_4pest6parser6ParserNtBg_4RuleE5parse5rules7visible16pace_range_alert00s3_0Bi_
FN:6,_RNCNCNCNvNtNtNvXs_NtCsidUxMVPzG8V_4dash6parserNtBg_10DashParserINtNtCsZGr40KKClp_4pest6parser6ParserNtBg_4RuleE5parse5rules7visible16pace_range_alert00s4_0Bi_
FN:6,_RNCNCNCNvNtNtNvXs_NtCsidUxMVPzG8V_4dash6parserNtBg_10DashParserINtNtCsZGr40KKClp_4pest6parser6ParserNtBg_4RuleE5parse5rules7visible16pace_range_alert00s5_0Bi_
FN:6,_RNCNvNtNtNvXs_NtCsidUxMVPzG8V_4dash6parserNtBc_10DashParserINtNtCsZGr40KKClp_4pest6parser6ParserNtBc_4RuleE5parse5rules7visible4pace0Be_
FN:6,_RNCNCNvNtNtNvXs_NtCsidUxMVPzG8V_4dash6parserNtBe_10DashParserINtNtCsZGr40KKClp_4pest6parser6ParserNtBe_4RuleE5parse5rules7visible4pace00Bg_
FN:6,_RNCNCNCNvNtNtNvXs_NtCsidUxMVPzG8V_4dash6parserNtBg_10DashParserINtNtCsZGr40KKClp_4pest6parser6ParserNtBg_4RuleE5parse5rules7visible4pace000Bi_
FN:6,_RNCNCNCNvNtNtNvXs_NtCsidUxMVPzG8V_4dash6parserNtBg_10DashParserINtNtCsZGr40KKClp_4pest6parser6ParserNtBg_4RuleE5parse5rules7visible4pace00s_0Bi_
FN:6,_RNCNCNCNvNtNtNvXs_NtCsidUxMVPzG8V_4dash6parserNtBg_10DashParserINtNtCsZGr40KKClp_4pest6parser6ParserNtBg_4RuleE5parse5rules7visible4pace00s0_0Bi_
FN:6,_RNCNCNCNvNtNtNvXs_NtCsidUxMVPzG8V_4dash6parserNtBg_10DashParserINtNtCsZGr40KKClp_4pest6parser6ParserNtBg_4RuleE5parse5rules7visible4pace00s1_0Bi_
FN:6,_RNCNvNtNtNvXs_NtCsidUxMVPzG8V_4dash6parserNtBc_10DashParserINtNtCsZGr40KKClp_4pest6parser6ParserNtBc_4RuleE5parse5rules7visible9pace_time0Be_
FN:6,_RNCNCNvNtNtNvXs_NtCsidUxMVPzG8V_4dash6parserNtBe_10DashParserINtNtCsZGr40KKClp_4pest6parser6ParserNtBe_4RuleE5parse5rules7visible9pace_time00Bg_
FN:6,_RNCNCNCNvNtNtNvXs_NtCsidUxMVPzG8V_4dash6parserNtBg_10DashParserINtNtCsZGr40KKClp_4pest6parser6ParserNtBg_4RuleE5parse5rules7visible9pace_time000Bi_
FN:6,_RNCNCNCNCNvNtNtNvXs_NtCsidUxMVPzG8V_4dash6parserNtBi_10DashParserINtNtCsZGr40KKClp_4pest6parser6ParserNtBi_4RuleE5parse5rules7visible9pace_time0000Bk_
FN:6,_RNCNCNCNCNCNvNtNtNvXs_NtCsidUxMVPzG8V_4dash6parserNtBk_10DashParserINtNtCsZGr40KKClp_4pest6parser6ParserNtBk_4RuleE5parse5rules7visible9pace_time00000Bm_
FN:6,_RNCNCNCNCNCNCNvNtNtNvXs_NtCsidUxMVPzG8V_4dash6parserNtBm_10DashParserINtNtCsZGr40KKClp_4pest6parser6ParserNtBm_4RuleE5parse5rules7visible9pace_time000000Bo_
FN:6,_RNCNCNCNCNvNtNtNvXs_NtCsidUxMVPzG8V_4dash6parserNtBi_10DashParserINtNtCsZGr40KKClp_4pest6parser6ParserNtBi_4RuleE5parse5rules7visible9pace_time000s_0Bk_
FN:6,_RNCNCNCNCNvNtNtNvXs_NtCsidUxMVPzG8V_4dash6parserNtBi_10DashParserINtNtCsZGr40KKClp_4pest6parser6ParserNtBi_4RuleE5parse5rules7visible9pace_time000s0_0Bk_
FN:6,_RNCNCNCNCNvNtNtNvXs_NtCsidUxMVPzG8V_4dash6parserNtBi_10DashParserINtNtCsZGr40KKClp_4pest6parser6ParserNtBi_4RuleE5parse5rules7visible9pace_time000s1_0Bk_
FN:6,_RNCNvNtNtNvXs_NtCsidUxMVPzG8V_4dash6parserNtBc_10DashParserINtNtCsZGr40KKClp_4pest6parser6ParserNtBc_4RuleE5parse5rules7visible4goal0Be_
FN:6,_RNCNvNtNtNvXs_NtCsidUxMVPzG8V_4dash6parserNtBc_10DashParserINtNtCsZGr40KKClp_4pest6parser6ParserNtBc_4RuleE5parse5rules7visible13distance_goal0Be_
FN:6,_RNCNCNvNtNtNvXs_NtCsidUxMVPzG8V_4dash6parserNtBe_10DashParserINtNtCsZGr40KKClp_4pest6parser6ParserNtBe_4RuleE5parse5rules7visible13distance_goal00Bg_
FN:6,_RNCNCNCNvNtNtNvXs_NtCsidUxMVPzG8V_4dash6parserNtBg_10DashParserINtNtCsZGr40KKClp_4pest6parser6ParserNtBg_4RuleE5parse5rules7visible13distance_goal000Bi_
FN:6,_RNCNCNCNvNtNtNvXs_NtCsidUxMVPzG8V_4dash6parserNtBg_10DashParserINtNtCsZGr40KKClp_4pest6parser6ParserNtBg_4RuleE5parse5rules7visible13distance_goal00s_0Bi_
FN:6,_RNCNvNtNtNvXs_NtCsidUxMVPzG8V_4dash6parserNtBc_10DashParserINtNtCsZGr40KKClp_4pest6parser6ParserNtBc_4RuleE5parse5rules7visible13duration_goal0Be_
FN:6,_RNCNCNvNtNtNvXs_NtCsidUxMVPzG8V_4dash6parserNtBe_10DashParserINtNtCsZGr40KKClp_4pest6parser6ParserNtBe_4RuleE5parse5rules7visible13duration_goal00Bg_
FN:6,_RNCNCNCNvNtNtNvXs_NtCsidUxMVPzG8V_4dash6parserNtBg_10DashParserINtNtCsZGr40KKClp_4pest6parser6ParserNtBg_4RuleE5parse5rules7visible13duration_goal000Bi_
FN:6,_RNCNCNCNvNtNtNvXs_NtCsidUxMVPzG8V_4dash6parserNtBg_10DashParserINtNtCsZGr40KKClp_4pest6parser6ParserNtBg_4RuleE5parse5rules7visible13duration_goal00s_0Bi_
FN:6,_RNCNvNtNtNvXs_NtCsidUxMVPzG8V_4dash6parserNtBc_10DashParserINtNtCsZGr40KKClp_4pest6parser6ParserNtBc_4RuleE5parse5rules7visible11unit_length0Be_
FN:6,_RNCNvNtNtNvXs_NtCsidUxMVPzG8V_4dash6parserNtBc_10DashParserINtNtCsZGr40KKClp_4pest6parser6ParserNtBc_4RuleE5parse5rules7visible11unit_lengths_0Be_
FN:6,_RNCNvNtNtNvXs_NtCsidUxMVPzG8V_4dash6parserNtBc_10DashParserINtNtCsZGr40KKClp_4pest6parser6ParserNtBc_4RuleE5parse5rules7visible11unit_lengths0_0Be_
FN:6,_RNCNvNtNtNvXs_NtCsidUxMVPzG8V_4dash6parserNtBc_10DashParserINtNtCsZGr40KKClp_4pest6parser6ParserNtBc_4RuleE5parse5rules7visible11unit_lengths1_0Be_
FN:6,_RNCNvNtNtNvXs_NtCsidUxMVPzG8V_4dash6parserNtBc_10DashParserINtNtCsZGr40KKClp_4pest6parser6ParserNtBc_4RuleE5parse5rules7visible5miles0Be_
FN:6,_RNCNCNvNtNtNvXs_NtCsidUxMVPzG8V_4dash6parserNtBe_10DashParserINtNtCsZGr40KKClp_4pest6parser6ParserNtBe_4RuleE5parse5rules7visible5miles00Bg_
FN:6,_RNCNCNvNtNtNvXs_NtCsidUxMVPzG8V_4dash6parserNtBe_10DashParserINtNtCsZGr40KKClp_4pest6parser6ParserNtBe_4RuleE5parse5rules7visible5miles0s_0Bg_
FN:6,_RNCNvNtNtNvXs_NtCsidUxMVPzG8V_4dash6parserNtBc_10DashParserINtNtCsZGr40KKClp_4pest6parser6ParserNtBc_4RuleE5parse5rules7visible5yards0Be_
FN:6,_RNCNCNvNtNtNvXs_NtCsidUxMVPzG8V_4dash6parserNtBe_10DashParserINtNtCsZGr40KKClp_4pest6parser6ParserNtBe_4RuleE5parse5rules7visible5yards00Bg_
FN:6,_RNCNCNvNtNtNvXs_NtCsidUxMVPzG8V_4dash6parserNtBe_10DashParserINtNtCsZGr40KKClp_4pest6parser6ParserNtBe_4RuleE5parse5rules7visible5yards0s_0Bg_
FN:6,_RNCNvNtNtNvXs_NtCsidUxMVPzG8V_4dash6parserNtBc_10DashParserINtNtCsZGr40KKClp_4pest6parser6ParserNtBc_4RuleE5parse5rules7visible4feet0Be_
FN:6,_RNCNCNvNtNtNvXs_NtCsidUxMVPzG8V_4dash6parserNtBe_10DashParserINtNtCsZGr40KKClp_4pest6parser6ParserNtBe_4RuleE5parse5rules7visible4feet00Bg_
FN:6,_RNCNCNvNtNtNvXs_NtCsidUxMVPzG8V_4dash6parserNtBe_10DashParserINtNtCsZGr40KKClp_4pest6parser6ParserNtBe_4RuleE5parse5rules7visible4feet0s_0Bg_
FN:6,_RNCNvNtNtNvXs_NtCsidUxMVPzG8V_4dash6parserNtBc_10DashParserINtNtCsZGr40KKClp_4pest6parser6ParserNtBc_4RuleE5parse5rules7visible5meter0Be_
FN:6,_RNCNCNvNtNtNvXs_NtCsidUxMVPzG8V_4dash6parserNtBe_10DashParserINtNtCsZGr40KKClp_4pest6parser6ParserNtBe_4RuleE5parse5rules7visible5meter00Bg_
FN:6,_RNCNCNvNtNtNvXs_NtCsidUxMVPzG8V_4dash6parserNtBe_10DashParserINtNtCsZGr40KKClp_4pest6parser6ParserNtBe_4RuleE5parse5rules7visible5meter0s_0Bg_
FN:6,_RNCNvNtNtNvXs_NtCsidUxMVPzG8V_4dash6parserNtBc_10DashParserINtNtCsZGr40KKClp_4pest6parser6ParserNtBc_4RuleE5parse5rules7visible9kilometer0Be_
FN:6,_RNCNCNvNtNtNvXs_NtCsidUxMVPzG8V_4dash6parserNtBe_10DashParserINtNtCsZGr40KKClp_4pest6parser6ParserNtBe_4RuleE5parse5rules7visible9kilometer00Bg_
FN:6,_RNCNCNvNtNtNvXs_NtCsidUxMVPzG8V_4dash6parserNtBe_10DashParserINtNtCsZGr40KKClp_4pest6parser6ParserNtBe_4RuleE5parse5rules7visible9kilometer0s_0Bg_
FN:6,_RNCNvNtNtNvXs_NtCsidUxMVPzG8V_4dash6parserNtBc_10DashParserINtNtCsZGr40KKClp_4pest6parser6ParserNtBc_4RuleE5parse5rules7visible13unit_duration0Be_
FN:6,_RNCNvNtNtNvXs_NtCsidUxMVPzG8V_4dash6parserNtBc_10DashParserINtNtCsZGr40KKClp_4pest6parser6ParserNtBc_4RuleE5parse5rules7visible13unit_durations_0Be_
FN:6,_RNCNvNtNtNvXs_NtCsidUxMVPzG8V_4dash6parserNtBc_10DashParserINtNtCsZGr40KKClp_4pest6parser6ParserNtBc_4RuleE5parse5rules7visible7seconds0Be_
FN:6,_RNCNCNvNtNtNvXs_NtCsidUxMVPzG8V_4dash6parserNtBe_10DashParserINtNtCsZGr40KKClp_4pest6parser6ParserNtBe_4RuleE5parse5rules7visible7seconds00Bg_
FN:6,_RNCNCNvNtNtNvXs_NtCsidUxMVPzG8V_4dash6parserNtBe_10DashParserINtNtCsZGr40KKClp_4pest6parser6ParserNtBe_4RuleE5parse5rules7visible7seconds0s_0Bg_
FN:6,_RNCNvNtNtNvXs_NtCsidUxMVPzG8V_4dash6parserNtBc_10DashParserINtNtCsZGr40KKClp_4pest6parser6ParserNtBc_4RuleE5parse5rules7visible7minutes0Be_
FN:6,_RNCNCNvNtNtNvXs_NtCsidUxMVPzG8V_4dash6parserNtBe_10DashParserINtNtCsZGr40KKClp_4pest6parser6ParserNtBe_4RuleE5parse5rules7visible7minutes00Bg_
FN:6,_RNCNCNvNtNtNvXs_NtCsidUxMVPzG8V_4dash6parserNtBe_10DashParserINtNtCsZGr40KKClp_4pest6parser6ParserNtBe_4RuleE5parse5rules7visible7minutes0s_0Bg_
FN:6,_RNCNvNtNtNvXs_NtCsidUxMVPzG8V_4dash6parserNtBc_10DashParserINtNtCsZGr40KKClp_4pest6parser6ParserNtBc_4RuleE5parse5rules7visible5hours0Be_
FN:6,_RNCNCNvNtNtNvXs_NtCsidUxMVPzG8V_4dash6parserNtBe_10DashParserINtNtCsZGr40KKClp_4pest6parser6ParserNtBe_4RuleE5parse5rules7visible5hours00Bg_
FN:6,_RNCNCNvNtNtNvXs_NtCsidUxMVPzG8V_4dash6parserNtBe_10DashParserINtNtCsZGr40KKClp_4pest6parser6ParserNtBe_4RuleE5parse5rules7visible5hours0s_0Bg_
FN:6,_RNCNvNtNtNvXs_NtCsidUxMVPzG8V_4dash6parserNtBc_10DashParserINtNtCsZGr40KKClp_4pest6parser6ParserNtBc_4RuleE5parse5rules7visible6number0Be_
FN:6,_RNCNCNvNtNtNvXs_NtCsidUxMVPzG8V_4dash6parserNtBe_10DashParserINtNtCsZGr40KKClp_4pest6parser6ParserNtBe_4RuleE5parse5rules7visible6number00Bg_
FN:6,_RNCNCNCNvNtNtNvXs_NtCsidUxMVPzG8V_4dash6parserNtBg_10DashParserINtNtCsZGr40KKClp_4pest6parser6ParserNtBg_4RuleE5parse5rules7visible6number000Bi_
FN:6,_RNCNCNCNCNvNtNtNvXs_NtCsidUxMVPzG8V_4dash6parserNtBi_10DashParserINtNtCsZGr40KKClp_4pest6parser6ParserNtBi_4RuleE5parse5rules7visible6number0000Bk_
FN:6,_RNCNCNCNCNCNvNtNtNvXs_NtCsidUxMVPzG8V_4dash6parserNtBk_10DashParserINtNtCsZGr40KKClp_4pest6parser6ParserNtBk_4RuleE5parse5rules7visible6number00000Bm_
FN:6,_RNCNCNCNCNCNCNvNtNtNvXs_NtCsidUxMVPzG8V_4dash6parserNtBm_10DashParserINtNtCsZGr40KKClp_4pest6parser6ParserNtBm_4RuleE5parse5rules7visible6number000000Bo_
FN:6,_RNCNCNCNCNvNtNtNvXs_NtCsidUxMVPzG8V_4dash6parserNtBi_10DashParserINtNtCsZGr40KKClp_4pest6parser6ParserNtBi_4RuleE5parse5rules7visible6number000s_0Bk_
FN:6,_RNCNCNCNCNCNvNtNtNvXs_NtCsidUxMVPzG8V_4dash6parserNtBk_10DashParserINtNtCsZGr40KKClp_4pest6parser6ParserNtBk_4RuleE5parse5rules7visible6number000s_00Bm_
FN:6,_RNCNCNCNCNCNCNvNtNtNvXs_NtCsidUxMVPzG8V_4dash6parserNtBm_10DashParserINtNtCsZGr40KKClp_4pest6parser6ParserNtBm_4RuleE5parse5rules7visible6number000s_000Bo_
FN:6,_RNCNCNCNCNCNCNCNvNtNtNvXs_NtCsidUxMVPzG8V_4dash6parserNtBo_10DashParserINtNtCsZGr40KKClp_4pest6parser6ParserNtBo_4RuleE5parse5rules7visible6number000s_0000Bq_
FN:6,_RNCNCNCNCNCNCNCNvNtNtNvXs_NtCsidUxMVPzG8V_4dash6parserNtBo_10DashParserINtNtCsZGr40KKClp_4pest6parser6ParserNtBo_4RuleE5parse5rules7visible6number000s_000s_0Bq_
FN:6,_RNCNCNCNCNCNCNCNCNvNtNtNvXs_NtCsidUxMVPzG8V_4dash6parserNtBq_10DashParserINtNtCsZGr40KKClp_4pest6parser6ParserNtBq_4RuleE5parse5rules7visible6number000s_000s_00Bs_
FN:6,_RNCNvNtNtNvXs_NtCsidUxMVPzG8V_4dash6parserNtBc_10DashParserINtNtCsZGr40KKClp_4pest6parser6ParserNtBc_4RuleE5parse5rules7visible3EOI0Be_
FN:6,_RNCNvXs_NtCsidUxMVPzG8V_4dash6parserNtB6_10DashParserINtNtCsZGr40KKClp_4pest6parser6ParserNtB6_4RuleE5parse0B8_
FN:10,_RNvNtCsidUxMVPzG8V_4dash6parser5parse
FN:42,_RNvNtCsidUxMVPzG8V_4dash6parser18parse_workout_step
FN:85,_RNvNtCsidUxMVPzG8V_4dash6parser21parse_interval_blocks
FN:100,_RNvNtCsidUxMVPzG8V_4dash6parser20parse_interval_block
FN:121,_RNvNtCsidUxMVPzG8V_4dash6parser19parse_interval_step
FN:131,_RNvNtCsidUxMVPzG8V_4dash6parser14parse_time_str
FN:139,_RNvNtCsidUxMVPzG8V_4dash6parser16parse_pace_range
FN:156,_RNvNtCsidUxMVPzG8V_4dash6parser10parse_pace
FN:169,_RNvNtCsidUxMVPzG8V_4dash6parser17parse_length_unit
FN:180,_RNvNtCsidUxMVPzG8V_4dash6parser15parse_time_unit
FN:189,_RNvNtCsidUxMVPzG8V_4dash6parser21parse_heart_rate_zone
FN:6,_RNvXs_NtCsidUxMVPzG8V_4dash6parserNtB4_10DashParserINtNtCsZGr40KKClp_4pest6parser6ParserNtB4_4RuleE5parse
FN:6,_RNvNtNtNvXs_NtCsidUxMVPzG8V_4dash6parserNtBa_10DashParserINtNtCsZGr40KKClp_4pest6parser6ParserNtBa_4RuleE5parse5rules6hidden4skipBc_
FN:6,_RNvNtNtNvXs_NtCsidUxMVPzG8V_4dash6parserNtBa_10DashParserINtNtCsZGr40KKClp_4pest6parser6ParserNtBa_4RuleE5parse5rules7visible10WHITESPACEBc_
FN:6,_RNvNtNtNvXs_NtCsidUxMVPzG8V_4dash6parserNtBa_10DashParserINtNtCsZGr40KKClp_4pest6parser6ParserNtBa_4RuleE5parse5rules7visible7workoutBc_
FN:6,_RNvNtNtNvXs_NtCsidUxMVPzG8V_4dash6parserNtBa_10DashParserINtNtCsZGr40KKClp_4pest6parser6ParserNtBa_4RuleE5parse5rules7visible11warmup_stepBc_
FN:6,_RNvNtNtNvXs_NtCsidUxMVPzG8V_4dash6parserNtBa_10DashParserINtNtCsZGr40KKClp_4pest6parser6ParserNtBa_4RuleE5parse5rules7visible13cooldown_stepBc_
FN:6,_RNvNtNtNvXs_NtCsidUxMVPzG8V_4dash6parserNtBa_10DashParserINtNtCsZGr40KKClp_4pest6parser6ParserNtBa_4RuleE5parse5rules7visible15interval_blocksBc_
FN:6,_RNvNtNtNvXs_NtCsidUxMVPzG8V_4dash6parserNtBa_10DashParserINtNtCsZGr40KKClp_4pest6parser6ParserNtBa_4RuleE5parse5rules7visible14interval_blockBc_
FN:6,_RNvNtNtNvXs_NtCsidUxMVPzG8V_4dash6parserNtBa_10DashParserINtNtCsZGr40KKClp_4pest6parser6ParserNtBa_4RuleE5parse5rules7visible13interval_repsBc_
FN:6,_RNvNtNtNvXs_NtCsidUxMVPzG8V_4dash6parserNtBa_10DashParserINtNtCsZGr40KKClp_4pest6parser6ParserNtBa_4RuleE5parse5rules7visible13interval_stepBc_
FN:6,_RNvNtNtNvXs_NtCsidUxMVPzG8V_4dash6parserNtBa_10DashParserINtNtCsZGr40KKClp_4pest6parser6ParserNtBa_4RuleE5parse5rules7visible8recoveryBc_
FN:6,_RNvNtNtNvXs_NtCsidUxMVPzG8V_4dash6parserNtBa_10DashParserINtNtCsZGr40KKClp_4pest6parser6ParserNtBa_4RuleE5parse5rules7visible12workout_stepBc_
FN:6,_RNvNtNtNvXs_NtCsidUxMVPzG8V_4dash6parserNtBa_10DashParserINtNtCsZGr40KKClp_4pest6parser6ParserNtBa_4RuleE5parse5rules7visible5alertBc_
FN:6,_RNvNtNtNvXs_NtCsidUxMVPzG8V_4dash6parserNtBa_10DashParserINtNtCsZGr40KKClp_4pest6parser6ParserNtBa_4RuleE5parse5rules7visible16heart_rate_alertBc_
FN:6,_RNvNtNtNvXs_NtCsidUxMVPzG8V_4dash6parserNtBa_10DashParserINtNtCsZGr40KKClp_4pest6parser6ParserNtBa_4RuleE5parse5rules7visible2z1Bc_
FN:6,_RNvNtNtNvXs_NtCsidUxMVPzG8V_4dash6parserNtBa_10DashParserINtNtCsZGr40KKClp_4pest6parser6ParserNtBa_4RuleE5parse5rules7visible2z2Bc_
FN:6,_RNvNtNtNvXs_NtCsidUxMVPzG8V_4dash6parserNtBa_10DashParserINtNtCsZGr40KKClp_4pest6parser6ParserNtBa_4RuleE5parse5rules7visible2z3Bc_
FN:6,_RNvNtNtNvXs_NtCsidUxMVPzG8V_4dash6parserNtBa_10DashParserINtNtCsZGr40KKClp_4pest6parser6ParserNtBa_4RuleE5parse5rules7visible2z4Bc_
FN:6,_RNvNtNtNvXs_NtCsidUxMVPzG8V_4dash6parserNtBa_10DashParserINtNtCsZGr40KKClp_4pest6parser6ParserNtBa_4RuleE5parse5rules7visible2z5Bc_
FN:6,_RNvNtNtNvXs_NtCsidUxMVPzG8V_4dash6parserNtBa_10DashParserINtNtCsZGr40KKClp_4pest6parser6ParserNtBa_4RuleE5parse5rules7visible20pace_threshold_alertBc_
FN:6,_RNvNtNtNvXs_NtCsidUxMVPzG8V_4dash6parserNtBa_10DashParserINtNtCsZGr40KKClp_4pest6parser6ParserNtBa_4RuleE5parse5rules7visible16pace_range_alertBc_
FN:6,_RNvNtNtNvXs_NtCsidUxMVPzG8V_4dash6parserNtBa_10DashParserINtNtCsZGr40KKClp_4pest6parser6ParserNtBa_4RuleE5parse5rules7visible4paceBc_
FN:6,_RNvNtNtNvXs_NtCsidUxMVPzG8V_4dash6parserNtBa_10DashParserINtNtCsZGr40KKClp_4pest6parser6ParserNtBa_4RuleE5parse5rules7visible9pace_timeBc_
FN:6,_RNvNtNtNvXs_NtCsidUxMVPzG8V_4dash6parserNtBa_10DashParserINtNtCsZGr40KKClp_4pest6parser6ParserNtBa_4RuleE5parse5rules7visible4goalBc_
FN:6,_RNvNtNtNvXs_NtCsidUxMVPzG8V_4dash6parserNtBa_10DashParserINtNtCsZGr40KKClp_4pest6parser6ParserNtBa_4RuleE5parse5rules7visible13distance_goalBc_
FN:6,_RNvNtNtNvXs_NtCsidUxMVPzG8V_4dash6parserNtBa_10DashParserINtNtCsZGr40KKClp_4pest6parser6ParserNtBa_4RuleE5parse5rules7visible13duration_goalBc_
FN:6,_RNvNtNtNvXs_NtCsidUxMVPzG8V_4dash6parserNtBa_10DashParserINtNtCsZGr40KKClp_4pest6parser6ParserNtBa_4RuleE5parse5rules7visible11unit_lengthBc_
FN:6,_RNvNtNtNvXs_NtCsidUxMVPzG8V_4dash6parserNtBa_10DashParserINtNtCsZGr40KKClp_4pest6parser6ParserNtBa_4RuleE5parse5rules7visible5milesBc_
FN:6,_RNvNtNtNvXs_NtCsidUxMVPzG8V_4dash6parserNtBa_10DashParserINtNtCsZGr40KKClp_4pest6parser6ParserNtBa_4RuleE5parse5rules7visible5yardsBc_
FN:6,_RNvNtNtNvXs_NtCsidUxMVPzG8V_4dash6parserNtBa_10DashParserINtNtCsZGr40KKClp_4pest6parser6ParserNtBa_4RuleE5parse5rules7visible4feetBc_
FN:6,_RNvNtNtNvXs_NtCsidUxMVPzG8V_4dash6parserNtBa_10DashParserINtNtCsZGr40KKClp_4pest6parser6ParserNtBa_4RuleE5parse5rules7visible5meterBc_
FN:6,_RNvNtNtNvXs_NtCsidUxMVPzG8V_4dash6parserNtBa_10DashParserINtNtCsZGr40KKClp_4pest6parser6ParserNtBa_4RuleE5parse5rules7visible9kilometerBc_
FN:6,_RNvNtNtNvXs_NtCsidUxMVPzG8V_4dash6parserNtBa_10DashParserINtNtCsZGr40KKClp_4pest6parser6ParserNtBa_4RuleE5parse5rules7visible13unit_durationBc_
FN:6,_RNvNtNtNvXs_NtCsidUxMVPzG8V_4dash6parserNtBa_10DashParserINtNtCsZGr40KKClp_4pest6parser6ParserNtBa_4RuleE5parse5rules7visible7secondsBc_
FN:6,_RNvNtNtNvXs_NtCsidUxMVPzG8V_4dash6parserNtBa_10DashParserINtNtCsZGr40KKClp_4pest6parser6ParserNtBa_4RuleE5parse5rules7visible7minutesBc_
FN:6,_RNvNtNtNvXs_NtCsidUxMVPzG8V_4dash6parserNtBa_10DashParserINtNtCsZGr40KKClp_4pest6parser6ParserNtBa_4RuleE5parse5rules7visible5hoursBc_
FN:6,_RNvNtNtNvXs_NtCsidUxMVPzG8V_4dash6parserNtBa_10DashParserINtNtCsZGr40KKClp_4pest6parser6ParserNtBa_4RuleE5parse5rules7visible6numberBc_
FN:6,_RNvNtNtNvXs_NtCsidUxMVPzG8V_4dash6parserNtBa_10DashParserINtNtCsZGr40KKClp_4pest6parser6ParserNtBa_4RuleE5parse5rules7visible3EOIBc_
FN:6,_RNvNtNtNvXs_NtCsidUxMVPzG8V_4dash6parserNtBa_10DashParserINtNtCsZGr40KKClp_4pest6parser6ParserNtBa_4RuleE5parse5rules7visible3SOIBc_
FN:6,_RNvNtNtNvXs_NtCsidUxMVPzG8V_4dash6parserNtBa_10DashParserINtNtCsZGr40KKClp_4pest6parser6ParserNtBa_4RuleE5parse5rules7visible11ASCII_DIGITBc_
FN:10,_RNvNtCs2oAQmRP640C_4dash6parser5parse
FN:42,_RNvNtCs2oAQmRP640C_4dash6parser18parse_workout_step
FN:85,_RNvNtCs2oAQmRP640C_4dash6parser21parse_interval_blocks
FN:100,_RNvNtCs2oAQmRP640C_4dash6parser20parse_interval_block
FN:121,_RNvNtCs2oAQmRP640C_4dash6parser19parse_interval_step
FN:131,_RNvNtCs2oAQmRP640C_4dash6parser14parse_time_str
FN:139,_RNvNtCs2oAQmRP640C_4dash6parser16parse_pace_range
FN:156,_RNvNtCs2oAQmRP640C_4dash6parser10parse_pace
FN:169,_RNvNtCs2oAQmRP640C_4dash6parser17parse_length_unit
FN:180,_RNvNtCs2oAQmRP640C_4dash6parser15parse_time_unit
FN:189,_RNvNtCs2oAQmRP640C_4dash6parser21parse_heart_rate_zone
FN:6,_RNvMNtCs2oAQmRP640C_4dash6parserNtB2_4Rule9all_rules
FN:6,_RNvXs_NtCs2oAQmRP640C_4dash6parserNtB4_10DashParserINtNtCsZGr40KKClp_4pest6parser6ParserNtB4_4RuleE5parse
FN:6,_RNvNtNtNvXs_NtCs2oAQmRP640C_4dash6parserNtBa_10DashParserINtNtCsZGr40KKClp_4pest6parser6ParserNtBa_4RuleE5parse5rules6hidden4skipBc_
FN:6,_RNvNtNtNvXs_NtCs2oAQmRP640C_4dash6parserNtBa_10DashParserINtNtCsZGr40KKClp_4pest6parser6ParserNtBa_4RuleE5parse5rules7visible10WHITESPACEBc_
FN:6,_RNvNtNtNvXs_NtCs2oAQmRP640C_4dash6parserNtBa_10DashParserINtNtCsZGr40KKClp_4pest6parser6ParserNtBa_4RuleE5parse5rules7visible7workoutBc_
FN:6,_RNvNtNtNvXs_NtCs2oAQmRP640C_4dash6parserNtBa_10DashParserINtNtCsZGr40KKClp_4pest6parser6ParserNtBa_4RuleE5parse5rules7visible11warmup_stepBc_
FN:6,_RNvNtNtNvXs_NtCs2oAQmRP640C_4dash6parserNtBa_10DashParserINtNtCsZGr40KKClp_4pest6parser6ParserNtBa_4RuleE5parse5rules7visible13cooldown_stepBc_
FN:6,_RNvNtNtNvXs_NtCs2oAQmRP640C_4dash6parserNtBa_10DashParserINtNtCsZGr40KKClp_4pest6parser6ParserNtBa_4RuleE5parse5rules7visible15interval_blocksBc_
FN:6,_RNvNtNtNvXs_NtCs2oAQmRP640C_4dash6parserNtBa_10DashParserINtNtCsZGr40KKClp_4pest6parser6ParserNtBa_4RuleE5parse5rules7visible14interval_blockBc_
FN:6,_RNvNtNtNvXs_NtCs2oAQmRP640C_4dash6parserNtBa_10DashParserINtNtCsZGr40KKClp_4pest6parser6ParserNtBa_4RuleE5parse5rules7visible13interval_repsBc_
FN:6,_RNvNtNtNvXs_NtCs2oAQmRP640C_4dash6parserNtBa_10DashParserINtNtCsZGr40KKClp_4pest6parser6ParserNtBa_4RuleE5parse5rules7visible13interval_stepBc_
FN:6,_RNvNtNtNvXs_NtCs2oAQmRP640C_4dash6parserNtBa_10DashParserINtNtCsZGr40KKClp_4pest6parser6ParserNtBa_4RuleE5parse5rules7visible8recoveryBc_
FN:6,_RNvNtNtNvXs_NtCs2oAQmRP640C_4dash6parserNtBa_10DashParserINtNtCsZGr40KKClp_4pest6parser6ParserNtBa_4RuleE5parse5rules7visible12workout_stepBc_
FN:6,_RNvNtNtNvXs_NtCs2oAQmRP640C_4dash6parserNtBa_10DashParserINtNtCsZGr40KKClp_4pest6parser6ParserNtBa_4RuleE5parse5rules7visible5alertBc_
FN:6,_RNvNtNtNvXs_NtCs2oAQmRP640C_4dash6parserNtBa_10DashParserINtNtCsZGr40KKClp_4pest6parser6ParserNtBa_4RuleE5parse5rules7visible16heart_rate_alertBc_
FN:6,_RNvNtNtNvXs_NtCs2oAQmRP640C_4dash6parserNtBa_10DashParserINtNtCsZGr40KKClp_4pest6parser6ParserNtBa_4RuleE5parse5rules7visible2z1Bc_
FN:6,_RNvNtNtNvXs_NtCs2oAQmRP640C_4dash6parserNtBa_10DashParserINtNtCsZGr40KKClp_4pest6parser6ParserNtBa_4RuleE5parse5rules7visible2z2Bc_
FN:6,_RNvNtNtNvXs_NtCs2oAQmRP640C_4dash6parserNtBa_10DashParserINtNtCsZGr40KKClp_4pest6parser6ParserNtBa_4RuleE5parse5rules7visible2z3Bc_
FN:6,_RNvNtNtNvXs_NtCs2oAQmRP640C_4dash6parserNtBa_10DashParserINtNtCsZGr40KKClp_4pest6parser6ParserNtBa_4RuleE5parse5rules7visible2z4Bc_
FN:6,_RNvNtNtNvXs_NtCs2oAQmRP640C_4dash6parserNtBa_10DashParserINtNtCsZGr40KKClp_4pest6parser6ParserNtBa_4RuleE5parse5rules7visible2z5Bc_
FN:6,_RNvNtNtNvXs_NtCs2oAQmRP640C_4dash6parserNtBa_10DashParserINtNtCsZGr40KKClp_4pest6parser6ParserNtBa_4RuleE5parse5rules7visible20pace_threshold_alertBc_
FN:6,_RNvNtNtNvXs_NtCs2oAQmRP640C_4dash6parserNtBa_10DashParserINtNtCsZGr40KKClp_4pest6parser6ParserNtBa_4RuleE5parse5rules7visible16pace_range_alertBc_
FN:6,_RNvNtNtNvXs_NtCs2oAQmRP640C_4dash6parserNtBa_10DashParserINtNtCsZGr40KKClp_4pest6parser6ParserNtBa_4RuleE5parse5rules7visible4paceBc_
FN:6,_RNvNtNtNvXs_NtCs2oAQmRP640C_4dash6parserNtBa_10DashParserINtNtCsZGr40KKClp_4pest6parser6ParserNtBa_4RuleE5parse5rules7visible9pace_timeBc_
FN:6,_RNvNtNtNvXs_NtCs2oAQmRP640C_4dash6parserNtBa_10DashParserINtNtCsZGr40KKClp_4pest6parser6ParserNtBa_4RuleE5parse5rules7visible4goalBc_
FN:6,_RNvNtNtNvXs_NtCs2oAQmRP640C_4dash6parserNtBa_10DashParserINtNtCsZGr40KKClp_4pest6parser6ParserNtBa_4RuleE5parse5rules7visible13distance_goalBc_
FN:6,_RNvNtNtNvXs_NtCs2oAQmRP640C_4dash6parserNtBa_10DashParserINtNtCsZGr40KKClp_4pest6parser6ParserNtBa_4RuleE5parse5rules7visible13duration_goalBc_
FN:6,_RNvNtNtNvXs_NtCs2oAQmRP640C_4dash6parserNtBa_10DashParserINtNtCsZGr40KKClp_4pest6parser6ParserNtBa_4RuleE5parse5rules7visible11unit_lengthBc_
FN:6,_RNvNtNtNvXs_NtCs2oAQmRP640C_4dash6parserNtBa_10DashParserINtNtCsZGr40KKClp_4pest6parser6ParserNtBa_4RuleE5parse5rules7visible5milesBc_
FN:6,_RNvNtNtNvXs_NtCs2oAQmRP640C_4dash6parserNtBa_10DashParserINtNtCsZGr40KKClp_4pest6parser6ParserNtBa_4RuleE5parse5rules7visible5yardsBc_
FN:6,_RNvNtNtNvXs_NtCs2oAQmRP640C_4dash6parserNtBa_10DashParserINtNtCsZGr40KKClp_4pest6parser6ParserNtBa_4RuleE5parse5rules7visible4feetBc_
FN:6,_RNvNtNtNvXs_NtCs2oAQmRP640C_4dash6parserNtBa_10DashParserINtNtCsZGr40KKClp_4pest6parser6ParserNtBa_4RuleE5parse5rules7visible5meterBc_
FN:6,_RNvNtNtNvXs_NtCs2oAQmRP640C_4dash6parserNtBa_10DashParserINtNtCsZGr40KKClp_4pest6parser6ParserNtBa_4RuleE5parse5rules7visible9kilometerBc_
FN:6,_RNvNtNtNvXs_NtCs2oAQmRP640C_4dash6parserNtBa_10DashParserINtNtCsZGr40KKClp_4pest6parser6ParserNtBa_4RuleE5parse5rules7visible13unit_durationBc_
FN:6,_RNvNtNtNvXs_NtCs2oAQmRP640C_4dash6parserNtBa_10DashParserINtNtCsZGr40KKClp_4pest6parser6ParserNtBa_4RuleE5parse5rules7visible7secondsBc_
FN:6,_RNvNtNtNvXs_NtCs2oAQmRP640C_4dash6parserNtBa_10DashParserINtNtCsZGr40KKClp_4pest6parser6ParserNtBa_4RuleE5parse5rules7visible7minutesBc_
FN:6,_RNvNtNtNvXs_NtCs2oAQmRP640C_4dash6parserNtBa_10DashParserINtNtCsZGr40KKClp_4pest6parser6ParserNtBa_4RuleE5parse5rules7visible5hoursBc_
FN:6,_RNvNtNtNvXs_NtCs2oAQmRP640C_4dash6parserNtBa_10DashParserINtNtCsZGr40KKClp_4pest6parser6ParserNtBa_4RuleE5parse5rules7visible6numberBc_
FN:6,_RNvNtNtNvXs_NtCs2oAQmRP640C_4dash6parserNtBa_10DashParserINtNtCsZGr40KKClp_4pest6parser6ParserNtBa_4RuleE5parse5rules7visible3EOIBc_
FN:6,_RNvNtNtNvXs_NtCs2oAQmRP640C_4dash6parserNtBa_10DashParserINtNtCsZGr40KKClp_4pest6parser6ParserNtBa_4RuleE5parse5rules7visible3SOIBc_
FN:6,_RNvNtNtNvXs_NtCs2oAQmRP640C_4dash6parserNtBa_10DashParserINtNtCsZGr40KKClp_4pest6parser6ParserNtBa_4RuleE5parse5rules7visible11ASCII_DIGITBc_
FN:6,_RNCNvNtNtNvXs_NtCs2oAQmRP640C_4dash6parserNtBc_10DashParserINtNtCsZGr40KKClp_4pest6parser6ParserNtBc_4RuleE5parse5rules6hidden4skip0Be_
FN:6,_RNCNvNtNtNvXs_NtCs2oAQmRP640C_4dash6parserNtBc_10DashParserINtNtCsZGr40KKClp_4pest6parser6ParserNtBc_4RuleE5parse5rules7visible10WHITESPACE0Be_
FN:6,_RNCNCNvNtNtNvXs_NtCs2oAQmRP640C_4dash6parserNtBe_10DashParserINtNtCsZGr40KKClp_4pest6parser6ParserNtBe_4RuleE5parse5rules7visible10WHITESPACE00Bg_
FN:6,_RNCNCNvNtNtNvXs_NtCs2oAQmRP640C_4dash6parserNtBe_10DashParserINtNtCsZGr40KKClp_4pest6parser6ParserNtBe_4RuleE5parse5rules7visible10WHITESPACE0s_0Bg_
FN:6,_RNCNvNtNtNvXs_NtCs2oAQmRP640C_4dash6parserNtBc_10DashParserINtNtCsZGr40KKClp_4pest6parser6ParserNtBc_4RuleE5parse5rules7visible7workout0Be_
FN:6,_RNCNCNvNtNtNvXs_NtCs2oAQmRP640C_4dash6parserNtBe_10DashParserINtNtCsZGr40KKClp_4pest6parser6ParserNtBe_4RuleE5parse5rules7visible7workout00Bg_
FN:6,_RNCNCNCNvNtNtNvXs_NtCs2oAQmRP640C_4dash6parserNtBg_10DashParserINtNtCsZGr40KKClp_4pest6parser6ParserNtBg_4RuleE5parse5rules7visible7workout000Bi_
FN:6,_RNCNCNCNvNtNtNvXs_NtCs2oAQmRP640C_4dash6parserNtBg_10DashParserINtNtCsZGr40KKClp_4pest6parser6ParserNtBg_4RuleE5parse5rules7visible7workout00s_0Bi_
FN:6,_RNCNCNCNCNvNtNtNvXs_NtCs2oAQmRP640C_4dash6parserNtBi_10DashParserINtNtCsZGr40KKClp_4pest6parser6ParserNtBi_4RuleE5parse5rules7visible7workout00s_00Bk_
FN:6,_RNCNCNCNCNCNvNtNtNvXs_NtCs2oAQmRP640C_4dash6parserNtBk_10DashParserINtNtCsZGr40KKClp_4pest6parser6ParserNtBk_4RuleE5parse5rules7visible7workout00s_000Bm_
FN:6,_RNCNCNCNCNCNCNvNtNtNvXs_NtCs2oAQmRP640C_4dash6parserNtBm_10DashParserINtNtCsZGr40KKClp_4pest6parser6ParserNtBm_4RuleE5parse5rules7visible7workout00s_0000Bo_
FN:6,_RNCNCNCNCNCNCNvNtNtNvXs_NtCs2oAQmRP640C_4dash6parserNtBm_10DashParserINtNtCsZGr40KKClp_4pest6parser6ParserNtBm_4RuleE5parse5rules7visible7workout00s_000s_0Bo_
FN:6,_RNCNCNCNvNtNtNvXs_NtCs2oAQmRP640C_4dash6parserNtBg_10DashParserINtNtCsZGr40KKClp_4pest6parser6ParserNtBg_4RuleE5parse5rules7visible7workout00s0_0Bi_
FN:6,_RNCNCNCNvNtNtNvXs_NtCs2oAQmRP640C_4dash6parserNtBg_10DashParserINtNtCsZGr40KKClp_4pest6parser6ParserNtBg_4RuleE5parse5rules7visible7workout00s1_0Bi_
FN:6,_RNCNCNCNvNtNtNvXs_NtCs2oAQmRP640C_4dash6parserNtBg_10DashParserINtNtCsZGr40KKClp_4pest6parser6ParserNtBg_4RuleE5parse5rules7visible7workout00s2_0Bi_
FN:6,_RNCNCNCNvNtNtNvXs_NtCs2oAQmRP640C_4dash6parserNtBg_10DashParserINtNtCsZGr40KKClp_4pest6parser6ParserNtBg_4RuleE5parse5rules7visible7workout00s3_0Bi_
FN:6,_RNCNCNCNCNvNtNtNvXs_NtCs2oAQmRP640C_4dash6parserNtBi_10DashParserINtNtCsZGr40KKClp_4pest6parser6ParserNtBi_4RuleE5parse5rules7visible7workout00s3_00Bk_
FN:6,_RNCNCNCNCNCNvNtNtNvXs_NtCs2oAQmRP640C_4dash6parserNtBk_10DashParserINtNtCsZGr40KKClp_4pest6parser6ParserNtBk_4RuleE5parse5rules7visible7workout00s3_000Bm_
FN:6,_RNCNCNCNCNCNCNvNtNtNvXs_NtCs2oAQmRP640C_4dash6parserNtBm_10DashParserINtNtCsZGr40KKClp_4pest6parser6ParserNtBm_4RuleE5parse5rules7visible7workout00s3_0000Bo_
FN:6,_RNCNCNCNCNCNCNvNtNtNvXs_NtCs2oAQmRP640C_4dash6parserNtBm_10DashParserINtNtCsZGr40KKClp_4pest6parser6ParserNtBm_4RuleE5parse5rules7visible7workout00s3_000s_0Bo_
FN:6,_RNCNCNCNvNtNtNvXs_NtCs2oAQmRP640C_4dash6parserNtBg_10DashParserINtNtCsZGr40KKClp_4pest6parser6ParserNtBg_4RuleE5parse5rules7visible7workout00s4_0Bi_
FN:6,_RNCNCNCNvNtNtNvXs_NtCs2oAQmRP640C_4dash6parserNtBg_10DashParserINtNtCsZGr40KKClp_4pest6parser6ParserNtBg_4RuleE5parse5rules7visible7workout00s5_0Bi_
FN:6,_RNCNvNtNtNvXs_NtCs2oAQmRP640C_4dash6parserNtBc_10DashParserINtNtCsZGr40KKClp_4pest6parser6ParserNtBc_4RuleE5parse5rules7visible11warmup_step0Be_
FN:6,_RNCNCNvNtNtNvXs_NtCs2oAQmRP640C_4dash6parserNtBe_10DashParserINtNtCsZGr40KKClp_4pest6parser6ParserNtBe_4RuleE5parse5rules7visible11warmup_step00Bg_
FN:6,_RNCNCNCNvNtNtNvXs_NtCs2oAQmRP640C_4dash6parserNtBg_10DashParserINtNtCsZGr40KKClp_4pest6parser6ParserNtBg_4RuleE5parse5rules7visible11warmup_step000Bi_
FN:6,_RNCNCNCNvNtNtNvXs_NtCs2oAQmRP640C_4dash6parserNtBg_10DashParserINtNtCsZGr40KKClp_4pest6parser6ParserNtBg_4RuleE5parse5rules7visible11warmup_step00s_0Bi_
FN:6,_RNCNvNtNtNvXs_NtCs2oAQmRP640C_4dash6parserNtBc_10DashParserINtNtCsZGr40KKClp_4pest6parser6ParserNtBc_4RuleE5parse5rules7visible13cooldown_step0Be_
FN:6,_RNCNCNvNtNtNvXs_NtCs2oAQmRP640C_4dash6parserNtBe_10DashParserINtNtCsZGr40KKClp_4pest6parser6ParserNtBe_4RuleE5parse5rules7visible13cooldown_step00Bg_
FN:6,_RNCNCNCNvNtNtNvXs_NtCs2oAQmRP640C_4dash6parserNtBg_10DashParserINtNtCsZGr40KKClp_4pest6parser6ParserNtBg_4RuleE5parse5rules7visible13cooldown_step000Bi_
FN:6,_RNCNCNCNvNtNtNvXs_NtCs2oAQmRP640C_4dash6parserNtBg_10DashParserINtNtCsZGr40KKClp_4pest6parser6ParserNtBg_4RuleE5parse5rules7visible13cooldown_step00s_0Bi_
FN:6,_RNCNvNtNtNvXs_NtCs2oAQmRP640C_4dash6parserNtBc_10DashParserINtNtCsZGr40KKClp_4pest6parser6ParserNtBc_4RuleE5parse5rules7visible15interval_blocks0Be_
FN:6,_RNCNCNvNtNtNvXs_NtCs2oAQmRP640C_4dash6parserNtBe_10DashParserINtNtCsZGr40KKClp_4pest6parser6ParserNtBe_4RuleE5parse5rules7visible15interval_blocks00Bg_
FN:6,_RNCNCNCNvNtNtNvXs_NtCs2oAQmRP640C_4dash6parserNtBg_10DashParserINtNtCsZGr40KKClp_4pest6parser6ParserNtBg_4RuleE5parse5rules7visible15interval_blocks000Bi_
FN:6,_RNCNCNCNvNtNtNvXs_NtCs2oAQmRP640C_4dash6parserNtBg_10DashParserINtNtCsZGr40KKClp_4pest6parser6ParserNtBg_4RuleE5parse5rules7visible15interval_blocks00s_0Bi_
FN:6,_RNCNCNCNCNvNtNtNvXs_NtCs2oAQmRP640C_4dash6parserNtBi_10DashParserINtNtCsZGr40KKClp_4pest6parser6ParserNtBi_4RuleE5parse5rules7visible15interval_blocks00s_00Bk_
FN:6,_RNCNCNCNCNCNvNtNtNvXs_NtCs2oAQmRP640C_4dash6parserNtBk_10DashParserINtNtCsZGr40KKClp_4pest6parser6ParserNtBk_4RuleE5parse5rules7visible15interval_blocks00s_000Bm_
FN:6,_RNCNCNCNCNCNCNvNtNtNvXs_NtCs2oAQmRP640C_4dash6parserNtBm_10DashParserINtNtCsZGr40KKClp_4pest6parser6ParserNtBm_4RuleE5parse5rules7visible15interval_blocks00s_0000Bo_
FN:6,_RNCNCNCNCNCNCNCNvNtNtNvXs_NtCs2oAQmRP640C_4dash6parserNtBo_10DashParserINtNtCsZGr40KKClp_4pest6parser6ParserNtBo_4RuleE5parse5rules7visible15interval_blocks00s_00000Bq_
FN:6,_RNCNCNCNCNCNCNCNvNtNtNvXs_NtCs2oAQmRP640C_4dash6parserNtBo_10DashParserINtNtCsZGr40KKClp_4pest6parser6ParserNtBo_4RuleE5parse5rules7visible15interval_blocks00s_0000s_0Bq_
FN:6,_RNCNCNCNCNCNCNCNCNvNtNtNvXs_NtCs2oAQmRP640C_4dash6parserNtBq_10DashParserINtNtCsZGr40KKClp_4pest6parser6ParserNtBq_4RuleE5parse5rules7visible15interval_blocks00s_0000s_00Bs_
FN:6,_RNCNCNCNCNCNCNCNvNtNtNvXs_NtCs2oAQmRP640C_4dash6parserNtBo_10DashParserINtNtCsZGr40KKClp_4pest6parser6ParserNtBo_4RuleE5parse5rules7visible15interval_blocks00s_0000s0_0Bq_
FN:6,_RNCNCNCNCNCNCNCNvNtNtNvXs_NtCs2oAQmRP640C_4dash6parserNtBo_10DashParserINtNtCsZGr40KKClp_4pest6parser6ParserNtBo_4RuleE5parse5rules7visible15interval_blocks00s_0000s1_0Bq_
FN:6,_RNCNCNCNCNCNCNvNtNtNvXs_NtCs2oAQmRP640C_4dash6parserNtBm_10DashParserINtNtCsZGr40KKClp_4pest6parser6ParserNtBm_4RuleE5parse5rules7visible15interval_blocks00s_000s_0Bo_
FN:6,_RNCNCNCNCNCNCNCNvNtNtNvXs_NtCs2oAQmRP640C_4dash6parserNtBo_10DashParserINtNtCsZGr40KKClp_4pest6parser6ParserNtBo_4RuleE5parse5rules7visible15interval_blocks00s_000s_00Bq_
FN:6,_RNCNCNCNCNCNCNCNCNvNtNtNvXs_NtCs2oAQmRP640C_4dash6parserNtBq_10DashParserINtNtCsZGr40KKClp_4pest6parser6ParserNtBq_4RuleE5parse5rules7visible15interval_blocks00s_000s_000Bs_
FN:6,_RNCNCNCNCNCNCNCNCNCNvNtNtNvXs_NtCs2oAQmRP640C_4dash6parserNtBs_10DashParserINtNtCsZGr40KKClp_4pest6parser6ParserNtBs_4RuleE5parse5rules7visible15interval_blocks00s_000s_0000Bu_
FN:6,_RNCNCNCNCNCNCNCNCNCNCNvNtNtNvXs_NtCs2oAQmRP640C_4dash6parserNtBu_10DashParserINtNtCsZGr40KKClp_4pest6parser6ParserNtBu_4RuleE5parse5rules7visible15interval_blocks00s_000s_00000Bw_
FN:6,_RNCNCNCNCNCNCNCNCNCNCNCNvNtNtNvXs_NtCs2oAQmRP640C_4dash6parserNtBw_10DashParserINtNtCsZGr40KKClp_4pest6parser6ParserNtBw_4RuleE5parse5rules7visible15interval_blocks00s_000s_000000By_
FN:6,_RNCNCNCNCNCNCNCNCNCNCNCNvNtNtNvXs_NtCs2oAQmRP640C_4dash6parserNtBw_10DashParserINtNtCsZGr40KKClp_4pest6parser6ParserNtBw_4RuleE5parse5rules7visible15interval_blocks00s_000s_00000s_0By_
FN:6,_RNCNCNCNCNCNCNCNCNCNCNCNCNvNtNtNvXs_NtCs2oAQmRP640C_4dash6parserNtBy_10DashParserINtNtCsZGr40KKClp_4pest6parser6ParserNtBy_4RuleE5parse5rules7visible15interval_blocks00s_000s_00000s_00BA_
FN:6,_RNCNCNCNCNCNCNCNCNCNCNCNvNtNtNvXs_NtCs2oAQmRP640C_4dash6parserNtBw_10DashParserINtNtCsZGr40KKClp_4pest6parser6ParserNtBw_4RuleE5parse5rules7visible15interval_blocks00s_000s_00000s0_0By_
FN:6,_RNCNCNCNCNCNCNCNCNCNCNCNvNtNtNvXs_NtCs2oAQmRP640C_4dash6parserNtBw_10DashParserINtNtCsZGr40KKClp_4pest6parser6ParserNtBw_4RuleE5parse5rules7visible15interval_blocks00s_000s_00000s1_0By_
FN:6,_RNCNvNtNtNvXs_NtCs2oAQmRP640C_4dash6parserNtBc_10DashParserINtNtCsZGr40KKClp_4pest6parser6ParserNtBc_4RuleE5parse5rules7visible14interval_block0Be_
FN:6,_RNCNCNvNtNtNvXs_NtCs2oAQmRP640C_4dash6parserNtBe_10DashParserINtNtCsZGr40KKClp_4pest6parser6ParserNtBe_4RuleE5parse5rules7visible14interval_block00Bg_
FN:6,_RNCNCNCNvNtNtNvXs_NtCs2oAQmRP640C_4dash6parserNtBg_10DashParserINtNtCsZGr40KKClp_4pest6parser6ParserNtBg_4RuleE5parse5rules7visible14interval_block000Bi_
FN:6,_RNCNCNCNCNvNtNtNvXs_NtCs2oAQmRP640C_4dash6parserNtBi_10DashParserINtNtCsZGr40KKClp_4pest6parser6ParserNtBi_4RuleE5parse5rules7visible14interval_block0000Bk_
FN:6,_RNCNCNCNCNvNtNtNvXs_NtCs2oAQmRP640C_4dash6parserNtBi_10DashParserINtNtCsZGr40KKClp_4pest6parser6ParserNtBi_4RuleE5parse5rules7visible14interval_block000s_0Bk_
FN:6,_RNCNCNCNCNvNtNtNvXs_NtCs2oAQmRP640C_4dash6parserNtBi_10DashParserINtNtCsZGr40KKClp_4pest6parser6ParserNtBi_4RuleE5parse5rules7visible14interval_block000s0_0Bk_
FN:6,_RNCNCNCNCNvNtNtNvXs_NtCs2oAQmRP640C_4dash6parserNtBi_10DashParserINtNtCsZGr40KKClp_4pest6parser6ParserNtBi_4RuleE5parse5rules7visible14interval_block000s1_0Bk_
FN:6,_RNCNCNCNCNvNtNtNvXs_NtCs2oAQmRP640C_4dash6parserNtBi_10DashParserINtNtCsZGr40KKClp_4pest6parser6ParserNtBi_4RuleE5parse5rules7visible14interval_block000s2_0Bk_
FN:6,_RNCNCNCNCNvNtNtNvXs_NtCs2oAQmRP640C_4dash6parserNtBi_10DashParserINtNtCsZGr40KKClp_4pest6parser6ParserNtBi_4RuleE5parse5rules7visible14interval_block000s3_0Bk_
FN:6,_RNCNCNCNCNvNtNtNvXs_NtCs2oAQmRP640C_4dash6parserNtBi_10DashParserINtNtCsZGr40KKClp_4pest6parser6ParserNtBi_4RuleE5parse5rules7visible14interval_block000s4_0Bk_
FN:6,_RNCNCNCNCNvNtNtNvXs_NtCs2oAQmRP640C_4dash6parserNtBi_10DashParserINtNtCsZGr40KKClp_4pest6parser6ParserNtBi_4RuleE5parse5rules7visible14interval_block000s5_0Bk_
FN:6,_RNCNvNtNtNvXs_NtCs2oAQmRP640C_4dash6parserNtBc_10DashParserINtNtCsZGr40KKClp_4pest6parser6ParserNtBc_4RuleE5parse5rules7visible13interval_reps0Be_
FN:6,_RNCNCNvNtNtNvXs_NtCs2oAQmRP640C_4dash6parserNtBe_10DashParserINtNtCsZGr40KKClp_4pest6parser6ParserNtBe_4RuleE5parse5rules7visible13interval_reps00Bg_
FN:6,_RNCNCNCNvNtNtNvXs_NtCs2oAQmRP640C_4dash6parserNtBg_10DashParserINtNtCsZGr40KKClp_4pest6parser6ParserNtBg_4RuleE5parse5rules7visible13interval_reps000Bi_
FN:6,_RNCNCNCNvNtNtNvXs_NtCs2oAQmRP640C_4dash6parserNtBg_10DashParserINtNtCsZGr40KKClp_4pest6parser6ParserNtBg_4RuleE5parse5rules7visible13interval_reps00s_0Bi_
FN:6,_RNCNCNCNCNvNtNtNvXs_NtCs2oAQmRP640C_4dash6parserNtBi_10DashParserINtNtCsZGr40KKClp_4pest6parser6ParserNtBi_4RuleE5parse5rules7visible13interval_reps00s_00Bk_
FN:6,_RNCNCNCNCNCNvNtNtNvXs_NtCs2oAQmRP640C_4dash6parserNtBk_10DashParserINtNtCsZGr40KKClp_4pest6parser6ParserNtBk_4RuleE5parse5rules7visible13interval_reps00s_000Bm_
FN:6,_RNCNCNCNCNCNCNvNtNtNvXs_NtCs2oAQmRP640C_4dash6parserNtBm_10DashParserINtNtCsZGr40KKClp_4pest6parser6ParserNtBm_4RuleE5parse5rules7visible13interval_reps00s_0000Bo_
FN:6,_RNCNCNCNCNCNCNCNvNtNtNvXs_NtCs2oAQmRP640C_4dash6parserNtBo_10DashParserINtNtCsZGr40KKClp_4pest6parser6ParserNtBo_4RuleE5parse5rules7visible13interval_reps00s_00000Bq_
FN:6,_RNCNCNCNCNCNCNCNvNtNtNvXs_NtCs2oAQmRP640C_4dash6parserNtBo_10DashParserINtNtCsZGr40KKClp_4pest6parser6ParserNtBo_4RuleE5parse5rules7visible13interval_reps00s_0000s_0Bq_
FN:6,_RNCNCNCNCNCNCNvNtNtNvXs_NtCs2oAQmRP640C_4dash6parserNtBm_10DashParserINtNtCsZGr40KKClp_4pest6parser6ParserNtBm_4RuleE5parse5rules7visible13interval_reps00s_000s_0Bo_
FN:6,_RNCNCNCNCNCNCNCNvNtNtNvXs_NtCs2oAQmRP640C_4dash6parserNtBo_10DashParserINtNtCsZGr40KKClp_4pest6parser6ParserNtBo_4RuleE5parse5rules7visible13interval_reps00s_000s_00Bq_
FN:6,_RNCNCNCNCNCNCNCNCNvNtNtNvXs_NtCs2oAQmRP640C_4dash6parserNtBq_10DashParserINtNtCsZGr40KKClp_4pest6parser6ParserNtBq_4RuleE5parse5rules7visible13interval_reps00s_000s_000Bs_
FN:6,_RNCNCNCNCNCNCNCNCNCNvNtNtNvXs_NtCs2oAQmRP640C_4dash6parserNtBs_10DashParserINtNtCsZGr40KKClp_4pest6parser6ParserNtBs_4RuleE5parse5rules7visible13interval_reps00s_000s_0000Bu_
FN:6,_RNCNCNCNCNCNCNCNCNCNCNvNtNtNvXs_NtCs2oAQmRP640C_4dash6parserNtBu_10DashParserINtNtCsZGr40KKClp_4pest6parser6ParserNtBu_4RuleE5parse5rules7visible13interval_reps00s_000s_00000Bw_
FN:6,_RNCNCNCNCNCNCNCNCNCNCNCNvNtNtNvXs_NtCs2oAQmRP640C_4dash6parserNtBw_10DashParserINtNtCsZGr40KKClp_4pest6parser6ParserNtBw_4RuleE5parse5rules7visible13interval_reps00s_000s_000000By_
FN:6,_RNCNCNCNCNCNCNCNCNCNCNCNvNtNtNvXs_NtCs2oAQmRP640C_4dash6parserNtBw_10DashParserINtNtCsZGr40KKClp_4pest6parser6ParserNtBw_4RuleE5parse5rules7visible13interval_reps00s_000s_00000s_0By_
FN:6,_RNCNvNtNtNvXs_NtCs2oAQmRP640C_4dash6parserNtBc_10DashParserINtNtCsZGr40KKClp_4pest6parser6ParserNtBc_4RuleE5parse5rules7visible13interval_step0Be_
FN:6,_RNCNCNvNtNtNvXs_NtCs2oAQmRP640C_4dash6parserNtBe_10DashParserINtNtCsZGr40KKClp_4pest6parser6ParserNtBe_4RuleE5parse5rules7visible13interval_step00Bg_
FN:6,_RNCNCNCNvNtNtNvXs_NtCs2oAQmRP640C_4dash6parserNtBg_10DashParserINtNtCsZGr40KKClp_4pest6parser6ParserNtBg_4RuleE5parse5rules7visible13interval_step000Bi_
FN:6,_RNCNCNCNvNtNtNvXs_NtCs2oAQmRP640C_4dash6parserNtBg_10DashParserINtNtCsZGr40KKClp_4pest6parser6ParserNtBg_4RuleE5parse5rules7visible13interval_step00s_0Bi_
FN:6,_RNCNCNCNCNvNtNtNvXs_NtCs2oAQmRP640C_4dash6parserNtBi_10DashParserINtNtCsZGr40KKClp_4pest6parser6ParserNtBi_4RuleE5parse5rules7visible13interval_step00s_00Bk_
FN:6,_RNCNvNtNtNvXs_NtCs2oAQmRP640C_4dash6parserNtBc_10DashParserINtNtCsZGr40KKClp_4pest6parser6ParserNtBc_4RuleE5parse5rules7visible8recovery0Be_
FN:6,_RNCNvNtNtNvXs_NtCs2oAQmRP640C_4dash6parserNtBc_10DashParserINtNtCsZGr40KKClp_4pest6parser6ParserNtBc_4RuleE5parse5rules7visible12workout_step0Be_
FN:6,_RNCNCNvNtNtNvXs_NtCs2oAQmRP640C_4dash6parserNtBe_10DashParserINtNtCsZGr40KKClp_4pest6parser6ParserNtBe_4RuleE5parse5rules7visible12workout_step00Bg_
FN:6,_RNCNCNCNvNtNtNvXs_NtCs2oAQmRP640C_4dash6parserNtBg_10DashParserINtNtCsZGr40KKClp_4pest6parser6ParserNtBg_4RuleE5parse5rules7visible12workout_step000Bi_
FN:6,_RNCNCNCNvNtNtNvXs_NtCs2oAQmRP640C_4dash6parserNtBg_10DashParserINtNtCsZGr40KKClp_4pest6parser6ParserNtBg_4RuleE5parse5rules7visible12workout_step00s_0Bi_
FN:6,_RNCNCNCNCNvNtNtNvXs_NtCs2oAQmRP640C_4dash6parserNtBi_10DashParserINtNtCsZGr40KKClp_4pest6parser6ParserNtBi_4RuleE5parse5rules7visible12workout_step00s_00Bk_
FN:6,_RNCNCNCNCNCNvNtNtNvXs_NtCs2oAQmRP640C_4dash6parserNtBk_10DashParserINtNtCsZGr40KKClp_4pest6parser6ParserNtBk_4RuleE5parse5rules7visible12workout_step00s_000Bm_
FN:6,_RNCNCNCNCNCNCNvNtNtNvXs_NtCs2oAQmRP640C_4dash6parserNtBm_10DashParserINtNtCsZGr40KKClp_4pest6parser6ParserNtBm_4RuleE5parse5rules7visible12workout_step00s_0000Bo_
FN:6,_RNCNCNCNCNCNCNvNtNtNvXs_NtCs2oAQmRP640C_4dash6parserNtBm_10DashParserINtNtCsZGr40KKClp_4pest6parser6ParserNtBm_4RuleE5parse5rules7visible12workout_step00s_000s_0Bo_
FN:6,_RNCNvNtNtNvXs_NtCs2oAQmRP640C_4dash6parserNtBc_10DashParserINtNtCsZGr40KKClp_4pest6parser6ParserNtBc_4RuleE5parse5rules7visible5alert0Be_
FN:6,_RNCNvNtNtNvXs_NtCs2oAQmRP640C_4dash6parserNtBc_10DashParserINtNtCsZGr40KKClp_4pest6parser6ParserNtBc_4RuleE5parse5rules7visible5alerts_0Be_
FN:6,_RNCNvNtNtNvXs_NtCs2oAQmRP640C_4dash6parserNtBc_10DashParserINtNtCsZGr40KKClp_4pest6parser6ParserNtBc_4RuleE5parse5rules7visible16heart_rate_alert0Be_
FN:6,_RNCNCNvNtNtNvXs_NtCs2oAQmRP640C_4dash6parserNtBe_10DashParserINtNtCsZGr40KKClp_4pest6parser6ParserNtBe_4RuleE5parse5rules7visible16heart_rate_alert00Bg_
FN:6,_RNCNCNvNtNtNvXs_NtCs2oAQmRP640C_4dash6parserNtBe_10DashParserINtNtCsZGr40KKClp_4pest6parser6ParserNtBe_4RuleE5parse5rules7visible16heart_rate_alert0s_0Bg_
FN:6,_RNCNCNvNtNtNvXs_NtCs2oAQmRP640C_4dash6parserNtBe_10DashParserINtNtCsZGr40KKClp_4pest6parser6ParserNtBe_4RuleE5parse5rules7visible16heart_rate_alert0s0_0Bg_
FN:6,_RNCNCNvNtNtNvXs_NtCs2oAQmRP640C_4dash6parserNtBe_10DashParserINtNtCsZGr40KKClp_4pest6parser6ParserNtBe_4RuleE5parse5rules7visible16heart_rate_alert0s1_0Bg_
FN:6,_RNCNvNtNtNvXs_NtCs2oAQmRP640C_4dash6parserNtBc_10DashParserINtNtCsZGr40KKClp_4pest6parser6ParserNtBc_4RuleE5parse5rules7visible2z10Be_
FN:6,_RNCNvNtNtNvXs_NtCs2oAQmRP640C_4dash6parserNtBc_10DashParserINtNtCsZGr40KKClp_4pest6parser6ParserNtBc_4RuleE5parse5rules7visible2z20Be_
FN:6,_RNCNvNtNtNvXs_NtCs2oAQmRP640C_4dash6parserNtBc_10DashParserINtNtCsZGr40KKClp_4pest6parser6ParserNtBc_4RuleE5parse5rules7visible2z30Be_
FN:6,_RNCNvNtNtNvXs_NtCs2oAQmRP640C_4dash6parserNtBc_10DashParserINtNtCsZGr40KKClp_4pest6parser6ParserNtBc_4RuleE5parse5rules7visible2z40Be_
FN:6,_RNCNvNtNtNvXs_NtCs2oAQmRP640C_4dash6parserNtBc_10DashParserINtNtCsZGr40KKClp_4pest6parser6ParserNtBc_4RuleE5parse5rules7visible2z50Be_
FN:6,_RNCNvNtNtNvXs_NtCs2oAQmRP640C_4dash6parserNtBc_10DashParserINtNtCsZGr40KKClp_4pest6parser6ParserNtBc_4RuleE5parse5rules7visible20pace_threshold_alert0Be_
FN:6,_RNCNvNtNtNvXs_NtCs2oAQmRP640C_4dash6parserNtBc_10DashParserINtNtCsZGr40KKClp_4pest6parser6ParserNtBc_4RuleE5parse5rules7visible16pace_range_alert0Be_
FN:6,_RNCNCNvNtNtNvXs_NtCs2oAQmRP640C_4dash6parserNtBe_10DashParserINtNtCsZGr40KKClp_4pest6parser6ParserNtBe_4RuleE5parse5rules7visible16pace_range_alert00Bg_
FN:6,_RNCNCNCNvNtNtNvXs_NtCs2oAQmRP640C_4dash6parserNtBg_10DashParserINtNtCsZGr40KKClp_4pest6parser6ParserNtBg_4RuleE5parse5rules7visible16pace_range_alert000Bi_
FN:6,_RNCNCNCNvNtNtNvXs_NtCs2oAQmRP640C_4dash6parserNtBg_10DashParserINtNtCsZGr40KKClp_4pest6parser6ParserNtBg_4RuleE5parse5rules7visible16pace_range_alert00s_0Bi_
FN:6,_RNCNCNCNvNtNtNvXs_NtCs2oAQmRP640C_4dash6parserNtBg_10DashParserINtNtCsZGr40KKClp_4pest6parser6ParserNtBg_4RuleE5parse5rules7visible16pace_range_alert00s0_0Bi_
FN:6,_RNCNCNCNvNtNtNvXs_NtCs2oAQmRP640C_4dash6parserNtBg_10DashParserINtNtCsZGr40KKClp_4pest6parser6ParserNtBg_4RuleE5parse5rules7visible16pace_range_alert00s1_0Bi_
FN:6,_RNCNCNCNvNtNtNvXs_NtCs2oAQmRP640C_4dash6parserNtBg_10DashParserINtNtCsZGr40KKClp_4pest6parser6ParserNtBg_4RuleE5parse5rules7visible16pace_range_alert00s2_0Bi_
FN:6,_RNCNCNCNvNtNtNvXs_NtCs2oAQmRP640C_4dash6parserNtBg_10DashParserINtNtCsZGr40KKClp_4pest6parser6ParserNtBg_4RuleE5parse5rules7visible16pace_range_alert00s3_0Bi_
FN:6,_RNCNCNCNvNtNtNvXs_NtCs2oAQmRP640C_4dash6parserNtBg_10DashParserINtNtCsZGr40KKClp_4pest6parser6ParserNtBg_4RuleE5parse5rules7visible16pace_range_alert00s4_0Bi_
FN:6,_RNCNCNCNvNtNtNvXs_NtCs2oAQmRP640C_4dash6parserNtBg_10DashParserINtNtCsZGr40KKClp_4pest6parser6ParserNtBg_4RuleE5parse5rules7visible16pace_range_alert00s5_0Bi_
FN:6,_RNCNvNtNtNvXs_NtCs2oAQmRP640C_4dash6parserNtBc_10DashParserINtNtCsZGr40KKClp_4pest6parser6ParserNtBc_4RuleE5parse5rules7visible4pace0Be_
FN:6,_RNCNCNvNtNtNvXs_NtCs2oAQmRP640C_4dash6parserNtBe_10DashParserINtNtCsZGr40KKClp_4pest6parser6ParserNtBe_4RuleE5parse5rules7visible4pace00Bg_
FN:6,_RNCNCNCNvNtNtNvXs_NtCs2oAQmRP640C_4dash6parserNtBg_10DashParserINtNtCsZGr40KKClp_4pest6parser6ParserNtBg_4RuleE5parse5rules7visible4pace000Bi_
FN:6,_RNCNCNCNvNtNtNvXs_NtCs2oAQmRP640C_4dash6parserNtBg_10DashParserINtNtCsZGr40KKClp_4pest6parser6ParserNtBg_4RuleE5parse5rules7visible4pace00s_0Bi_
FN:6,_RNCNCNCNvNtNtNvXs_NtCs2oAQmRP640C_4dash6parserNtBg_10DashParserINtNtCsZGr40KKClp_4pest6parser6ParserNtBg_4RuleE5parse5rules7visible4pace00s0_0Bi_
FN:6,_RNCNCNCNvNtNtNvXs_NtCs2oAQmRP640C_4dash6parserNtBg_10DashParserINtNtCsZGr40KKClp_4pest6parser6ParserNtBg_4RuleE5parse5rules7visible4pace00s1_0Bi_
FN:6,_RNCNvNtNtNvXs_NtCs2oAQmRP640C_4dash6parserNtBc_10DashParserINtNtCsZGr40KKClp_4pest6parser6ParserNtBc_4RuleE5parse5rules7visible9pace_time0Be_
FN:6,_RNCNCNvNtNtNvXs_NtCs2oAQmRP640C_4dash6parserNtBe_10DashParserINtNtCsZGr40KKClp_4pest6parser6ParserNtBe_4RuleE5parse5rules7visible9pace_time00Bg_
FN:6,_RNCNCNCNvNtNtNvXs_NtCs2oAQmRP640C_4dash6parserNtBg_10DashParserINtNtCsZGr40KKClp_4pest6parser6ParserNtBg_4RuleE5parse5rules7visible9pace_time000Bi_
FN:6,_RNCNCNCNCNvNtNtNvXs_NtCs2oAQmRP640C_4dash6parserNtBi_10DashParserINtNtCsZGr40KKClp_4pest6parser6ParserNtBi_4RuleE5parse5rules7visible9pace_time0000Bk_
FN:6,_RNCNCNCNCNCNvNtNtNvXs_NtCs2oAQmRP640C_4dash6parserNtBk_10DashParserINtNtCsZGr40KKClp_4pest6parser6ParserNtBk_4RuleE5parse5rules7visible9pace_time00000Bm_
FN:6,_RNCNCNCNCNCNCNvNtNtNvXs_NtCs2oAQmRP640C_4dash6parserNtBm_10DashParserINtNtCsZGr40KKClp_4pest6parser6ParserNtBm_4RuleE5parse5rules7visible9pace_time000000Bo_
FN:6,_RNCNCNCNCNvNtNtNvXs_NtCs2oAQmRP640C_4dash6parserNtBi_10DashParserINtNtCsZGr40KKClp_4pest6parser6ParserNtBi_4RuleE5parse5rules7visible9pace_time000s_0Bk_
FN:6,_RNCNCNCNCNvNtNtNvXs_NtCs2oAQmRP640C_4dash6parserNtBi_10DashParserINtNtCsZGr40KKClp_4pest6parser6ParserNtBi_4RuleE5parse5rules7visible9pace_time000s0_0Bk_
FN:6,_RNCNCNCNCNvNtNtNvXs_NtCs2oAQmRP640C_4dash6parserNtBi_10DashParserINtNtCsZGr40KKClp_4pest6parser6ParserNtBi_4RuleE5parse5rules7visible9pace_time000s1_0Bk_
FN:6,_RNCNvNtNtNvXs_NtCs2oAQmRP640C_4dash6parserNtBc_10DashParserINtNtCsZGr40KKClp_4pest6parser6ParserNtBc_4RuleE5parse5rules7visible4goal0Be_
FN:6,_RNCNvNtNtNvXs_NtCs2oAQmRP640C_4dash6parserNtBc_10DashParserINtNtCsZGr40KKClp_4pest6parser6ParserNtBc_4RuleE5parse5rules7visible13distance_goal0Be_
FN:6,_RNCNCNvNtNtNvXs_NtCs2oAQmRP640C_4dash6parserNtBe_10DashParserINtNtCsZGr40KKClp_4pest6parser6ParserNtBe_4RuleE5parse5rules7visible13distance_goal00Bg_
FN:6,_RNCNCNCNvNtNtNvXs_NtCs2oAQmRP640C_4dash6parserNtBg_10DashParserINtNtCsZGr40KKClp_4pest6parser6ParserNtBg_4RuleE5parse5rules7visible13distance_goal000Bi_
FN:6,_RNCNCNCNvNtNtNvXs_NtCs2oAQmRP640C_4dash6parserNtBg_10DashParserINtNtCsZGr40KKClp_4pest6parser6ParserNtBg_4RuleE5parse5rules7visible13distance_goal00s_0Bi_
FN:6,_RNCNvNtNtNvXs_NtCs2oAQmRP640C_4dash6parserNtBc_10DashParserINtNtCsZGr40KKClp_4pest6parser6ParserNtBc_4RuleE5parse5rules7visible13duration_goal0Be_
FN:6,_RNCNCNvNtNtNvXs_NtCs2oAQmRP640C_4dash6parserNtBe_10DashParserINtNtCsZGr40KKClp_4pest6parser6ParserNtBe_4RuleE5parse5rules7visible13duration_goal00Bg_
FN:6,_RNCNCNCNvNtNtNvXs_NtCs2oAQmRP640C_4dash6parserNtBg_10DashParserINtNtCsZGr40KKClp_4pest6parser6ParserNtBg_4RuleE5parse5rules7visible13duration_goal000Bi_
FN:6,_RNCNCNCNvNtNtNvXs_NtCs2oAQmRP640C_4dash6parserNtBg_10DashParserINtNtCsZGr40KKClp_4pest6parser6ParserNtBg_4RuleE5parse5rules7visible13duration_goal00s_0Bi_
FN:6,_RNCNvNtNtNvXs_NtCs2oAQmRP640C_4dash6parserNtBc_10DashParserINtNtCsZGr40KKClp_4pest6parser6ParserNtBc_4RuleE5parse5rules7visible11unit_length0Be_
FN:6,_RNCNvNtNtNvXs_NtCs2oAQmRP640C_4dash6parserNtBc_10DashParserINtNtCsZGr40KKClp_4pest6parser6ParserNtBc_4RuleE5parse5rules7visible11unit_lengths_0Be_
FN:6,_RNCNvNtNtNvXs_NtCs2oAQmRP640C_4dash6parserNtBc_10DashParserINtNtCsZGr40KKClp_4pest6parser6ParserNtBc_4RuleE5parse5rules7visible11unit_lengths0_0Be_
FN:6,_RNCNvNtNtNvXs_NtCs2oAQmRP640C_4dash6parserNtBc_10DashParserINtNtCsZGr40KKClp_4pest6parser6ParserNtBc_4RuleE5parse5rules7visible11unit_lengths1_0Be_
FN:6,_RNCNvNtNtNvXs_NtCs2oAQmRP640C_4dash6parserNtBc_10DashParserINtNtCsZGr40KKClp_4pest6parser6ParserNtBc_4RuleE5parse5rules7visible5miles0Be_
FN:6,_RNCNCNvNtNtNvXs_NtCs2oAQmRP640C_4dash6parserNtBe_10DashParserINtNtCsZGr40KKClp_4pest6parser6ParserNtBe_4RuleE5parse5rules7visible5miles00Bg_
FN:6,_RNCNCNvNtNtNvXs_NtCs2oAQmRP640C_4dash6parserNtBe_10DashParserINtNtCsZGr40KKClp_4pest6parser6ParserNtBe_4RuleE5parse5rules7visible5miles0s_0Bg_
FN:6,_RNCNvNtNtNvXs_NtCs2oAQmRP640C_4dash6parserNtBc_10DashParserINtNtCsZGr40KKClp_4pest6parser6ParserNtBc_4RuleE5parse5rules7visible5yards0Be_
FN:6,_RNCNCNvNtNtNvXs_NtCs2oAQmRP640C_4dash6parserNtBe_10DashParserINtNtCsZGr40KKClp_4pest6parser6ParserNtBe_4RuleE5parse5rules7visible5yards00Bg_
FN:6,_RNCNCNvNtNtNvXs_NtCs2oAQmRP640C_4dash6parserNtBe_10DashParserINtNtCsZGr40KKClp_4pest6parser6ParserNtBe_4RuleE5parse5rules7visible5yards0s_0Bg_
FN:6,_RNCNvNtNtNvXs_NtCs2oAQmRP640C_4dash6parserNtBc_10DashParserINtNtCsZGr40KKClp_4pest6parser6ParserNtBc_4RuleE5parse5rules7visible4feet0Be_
FN:6,_RNCNCNvNtNtNvXs_NtCs2oAQmRP640C_4dash6parserNtBe_10DashParserINtNtCsZGr40KKClp_4pest6parser6ParserNtBe_4RuleE5parse5rules7visible4feet00Bg_
FN:6,_RNCNCNvNtNtNvXs_NtCs2oAQmRP640C_4dash6parserNtBe_10DashParserINtNtCsZGr40KKClp_4pest6parser6ParserNtBe_4RuleE5parse5rules7visible4feet0s_0Bg_
FN:6,_RNCNvNtNtNvXs_NtCs2oAQmRP640C_4dash6parserNtBc_10DashParserINtNtCsZGr40KKClp_4pest6parser6ParserNtBc_4RuleE5parse5rules7visible5meter0Be_
FN:6,_RNCNCNvNtNtNvXs_NtCs2oAQmRP640C_4dash6parserNtBe_10DashParserINtNtCsZGr40KKClp_4pest6parser6ParserNtBe_4RuleE5parse5rules7visible5meter00Bg_
FN:6,_RNCNCNvNtNtNvXs_NtCs2oAQmRP640C_4dash6parserNtBe_10DashParserINtNtCsZGr40KKClp_4pest6parser6ParserNtBe_4RuleE5parse5rules7visible5meter0s_0Bg_
FN:6,_RNCNvNtNtNvXs_NtCs2oAQmRP640C_4dash6parserNtBc_10DashParserINtNtCsZGr40KKClp_4pest6parser6ParserNtBc_4RuleE5parse5rules7visible9kilometer0Be_
FN:6,_RNCNCNvNtNtNvXs_NtCs2oAQmRP640C_4dash6parserNtBe_10DashParserINtNtCsZGr40KKClp_4pest6parser6ParserNtBe_4RuleE5parse5rules7visible9kilometer00Bg_
FN:6,_RNCNCNvNtNtNvXs_NtCs2oAQmRP640C_4dash6parserNtBe_10DashParserINtNtCsZGr40KKClp_4pest6parser6ParserNtBe_4RuleE5parse5rules7visible9kilometer0s_0Bg_
FN:6,_RNCNvNtNtNvXs_NtCs2oAQmRP640C_4dash6parserNtBc_10DashParserINtNtCsZGr40KKClp_4pest6parser6ParserNtBc_4RuleE5parse5rules7visible13unit_duration0Be_
FN:6,_RNCNvNtNtNvXs_NtCs2oAQmRP640C_4dash6parserNtBc_10DashParserINtNtCsZGr40KKClp_4pest6parser6ParserNtBc_4RuleE5parse5rules7visible13unit_durations_0Be_
FN:6,_RNCNvNtNtNvXs_NtCs2oAQmRP640C_4dash6parserNtBc_10DashParserINtNtCsZGr40KKClp_4pest6parser6ParserNtBc_4RuleE5parse5rules7visible7seconds0Be_
FN:6,_RNCNCNvNtNtNvXs_NtCs2oAQmRP640C_4dash6parserNtBe_10DashParserINtNtCsZGr40KKClp_4pest6parser6ParserNtBe_4RuleE5parse5rules7visible7seconds00Bg_
FN:6,_RNCNCNvNtNtNvXs_NtCs2oAQmRP640C_4dash6parserNtBe_10DashParserINtNtCsZGr40KKClp_4pest6parser6ParserNtBe_4RuleE5parse5rules7visible7seconds0s_0Bg_
FN:6,_RNCNvNtNtNvXs_NtCs2oAQmRP640C_4dash6parserNtBc_10DashParserINtNtCsZGr40KKClp_4pest6parser6ParserNtBc_4RuleE5parse5rules7visible7minutes0Be_
FN:6,_RNCNCNvNtNtNvXs_NtCs2oAQmRP640C_4dash6parserNtBe_10DashParserINtNtCsZGr40KKClp_4pest6parser6ParserNtBe_4RuleE5parse5rules7visible7minutes00Bg_
FN:6,_RNCNCNvNtNtNvXs_NtCs2oAQmRP640C_4dash6parserNtBe_10DashParserINtNtCsZGr40KKClp_4pest6parser6ParserNtBe_4RuleE5parse5rules7visible7minutes0s_0Bg_
FN:6,_RNCNvNtNtNvXs_NtCs2oAQmRP640C_4dash6parserNtBc_10DashParserINtNtCsZGr40KKClp_4pest6parser6ParserNtBc_4RuleE5parse5rules7visible5hours0Be_
FN:6,_RNCNCNvNtNtNvXs_NtCs2oAQmRP640C_4dash6parserNtBe_10DashParserINtNtCsZGr40KKClp_4pest6parser6ParserNtBe_4RuleE5parse5rules7visible5hours00Bg_
FN:6,_RNCNCNvNtNtNvXs_NtCs2oAQmRP640C_4dash6parserNtBe_10DashParserINtNtCsZGr40KKClp_4pest6parser6ParserNtBe_4RuleE5parse5rules7visible5hours0s_0Bg_
FN:6,_RNCNvNtNtNvXs_NtCs2oAQmRP640C_4dash6parserNtBc_10DashParserINtNtCsZGr40KKClp_4pest6parser6ParserNtBc_4RuleE5parse5rules7visible6number0Be_
FN:6,_RNCNCNvNtNtNvXs_NtCs2oAQmRP640C_4dash6parserNtBe_10DashParserINtNtCsZGr40KKClp_4pest6parser6ParserNtBe_4RuleE5parse5rules7visible6number00Bg_
FN:6,_RNCNCNCNvNtNtNvXs_NtCs2oAQmRP640C_4dash6parserNtBg_10DashParserINtNtCsZGr40KKClp_4pest6parser6ParserNtBg_4RuleE5parse5rules7visible6number000Bi_
FN:6,_RNCNCNCNCNvNtNtNvXs_NtCs2oAQmRP640C_4dash6parserNtBi_10DashParserINtNtCsZGr40KKClp_4pest6parser6ParserNtBi_4RuleE5parse5rules7visible6number0000Bk_
FN:6,_RNCNCNCNCNCNvNtNtNvXs_NtCs2oAQmRP640C_4dash6parserNtBk_10DashParserINtNtCsZGr40KKClp_4pest6parser6ParserNtBk_4RuleE5parse5rules7visible6number00000Bm_
FN:6,_RNCNCNCNCNCNCNvNtNtNvXs_NtCs2oAQmRP640C_4dash6parserNtBm_10DashParserINtNtCsZGr40KKClp_4pest6parser6ParserNtBm_4RuleE5parse5rules7visible6number000000Bo_
FN:6,_RNCNCNCNCNvNtNtNvXs_NtCs2oAQmRP640C_4dash6parserNtBi_10DashParserINtNtCsZGr40KKClp_4pest6parser6ParserNtBi_4RuleE5parse5rules7visible6number000s_0Bk_
FN:6,_RNCNCNCNCNCNvNtNtNvXs_NtCs2oAQmRP640C_4dash6parserNtBk_10DashParserINtNtCsZGr40KKClp_4pest6parser6ParserNtBk_4RuleE5parse5rules7visible6number000s_00Bm_
FN:6,_RNCNCNCNCNCNCNvNtNtNvXs_NtCs2oAQmRP640C_4dash6parserNtBm_10DashParserINtNtCsZGr40KKClp_4pest6parser6ParserNtBm_4RuleE5parse5rules7visible6number000s_000Bo_
FN:6,_RNCNCNCNCNCNCNCNvNtNtNvXs_NtCs2oAQmRP640C_4dash6parserNtBo_10DashParserINtNtCsZGr40KKClp_4pest6parser6ParserNtBo_4RuleE5parse5rules7visible6number000s_0000Bq_
FN:6,_RNCNCNCNCNCNCNCNvNtNtNvXs_NtCs2oAQmRP640C_4dash6parserNtBo_10DashParserINtNtCsZGr40KKClp_4pest6parser6ParserNtBo_4RuleE5parse5rules7visible6number000s_000s_0Bq_
FN:6,_RNCNCNCNCNCNCNCNCNvNtNtNvXs_NtCs2oAQmRP640C_4dash6parserNtBq_10DashParserINtNtCsZGr40KKClp_4pest6parser6ParserNtBq_4RuleE5parse5rules7visible6number000s_000s_00Bs_
FN:6,_RNCNvNtNtNvXs_NtCs2oAQmRP640C_4dash6parserNtBc_10DashParserINtNtCsZGr40KKClp_4pest6parser6ParserNtBc_4RuleE5parse5rules7visible3EOI0Be_
FN:6,_RNCNvXs_NtCs2oAQmRP640C_4dash6parserNtB6_10DashParserINtNtCsZGr40KKClp_4pest6parser6ParserNtB6_4RuleE5parse0B8_
FNDA:0,_RNvMNtCsidUxMVPzG8V_4dash6parserNtB2_4Rule9all_rules
FNDA:630,_RNCNvNtNtNvXs_NtCsidUxMVPzG8V_4dash6parserNtBc_10DashParserINtNtCsZGr40KKClp_4pest6parser6ParserNtBc_4RuleE5parse5rules6hidden4skip0Be_
FNDA:630,_RNCNvNtNtNvXs_NtCsidUxMVPzG8V_4dash6parserNtBc_10DashParserINtNtCsZGr40KKClp_4pest6parser6ParserNtBc_4RuleE5parse5rules7visible10WHITESPACE0Be_
FNDA:410,_RNCNCNvNtNtNvXs_NtCsidUxMVPzG8V_4dash6parserNtBe_10DashParserINtNtCsZGr40KKClp_4pest6parser6ParserNtBe_4RuleE5parse5rules7visible10WHITESPACE00Bg_
FNDA:410,_RNCNCNvNtNtNvXs_NtCsidUxMVPzG8V_4dash6parserNtBe_10DashParserINtNtCsZGr40KKClp_4pest6parser6ParserNtBe_4RuleE5parse5rules7visible10WHITESPACE0s_0Bg_
FNDA:15,_RNCNvNtNtNvXs_NtCsidUxMVPzG8V_4dash6parserNtBc_10DashParserINtNtCsZGr40KKClp_4pest6parser6ParserNtBc_4RuleE5parse5rules7visible7workout0Be_
FNDA:15,_RNCNCNvNtNtNvXs_NtCsidUxMVPzG8V_4dash6parserNtBe_10DashParserINtNtCsZGr40KKClp_4pest6parser6ParserNtBe_4RuleE5parse5rules7visible7workout00Bg_
FNDA:15,_RNCNCNCNvNtNtNvXs_NtCsidUxMVPzG8V_4dash6parserNtBg_10DashParserINtNtCsZGr40KKClp_4pest6parser6ParserNtBg_4RuleE5parse5rules7visible7workout000Bi_
FNDA:15,_RNCNCNCNvNtNtNvXs_NtCsidUxMVPzG8V_4dash6parserNtBg_10DashParserINtNtCsZGr40KKClp_4pest6parser6ParserNtBg_4RuleE5parse5rules7visible7workout00s_0Bi_
FNDA:15,_RNCNCNCNCNvNtNtNvXs_NtCsidUxMVPzG8V_4dash6parserNtBi_10DashParserINtNtCsZGr40KKClp_4pest6parser6ParserNtBi_4RuleE5parse5rules7visible7workout00s_00Bk_
FNDA:15,_RNCNCNCNCNCNvNtNtNvXs_NtCsidUxMVPzG8V_4dash6parserNtBk_10DashParserINtNtCsZGr40KKClp_4pest6parser6ParserNtBk_4RuleE5parse5rules7visible7workout00s_000Bm_
FNDA:3,_RNCNCNCNCNCNCNvNtNtNvXs_NtCsidUxMVPzG8V_4dash6parserNtBm_10DashParserINtNtCsZGr40KKClp_4pest6parser6ParserNtBm_4RuleE5parse5rules7visible7workout00s_0000Bo_
FNDA:3,_RNCNCNCNCNCNCNvNtNtNvXs_NtCsidUxMVPzG8V_4dash6parserNtBm_10DashParserINtNtCsZGr40KKClp_4pest6parser6ParserNtBm_4RuleE5parse5rules7visible7workout00s_000s_0Bo_
FNDA:15,_RNCNCNCNvNtNtNvXs_NtCsidUxMVPzG8V_4dash6parserNtBg_10DashParserINtNtCsZGr40KKClp_4pest6parser6ParserNtBg_4RuleE5parse5rules7visible7workout00s0_0Bi_
FNDA:15,_RNCNCNCNvNtNtNvXs_NtCsidUxMVPzG8V_4dash6parserNtBg_10DashParserINtNtCsZGr40KKClp_4pest6parser6ParserNtBg_4RuleE5parse5rules7visible7workout00s1_0Bi_
FNDA:12,_RNCNCNCNvNtNtNvXs_NtCsidUxMVPzG8V_4dash6parserNtBg_10DashParserINtNtCsZGr40KKClp_4pest6parser6ParserNtBg_4RuleE5parse5rules7visible7workout00s2_0Bi_
FNDA:12,_RNCNCNCNvNtNtNvXs_NtCsidUxMVPzG8V_4dash6parserNtBg_10DashParserINtNtCsZGr40KKClp_4pest6parser6ParserNtBg_4RuleE5parse5rules7visible7workout00s3_0Bi_
FNDA:12,_RNCNCNCNCNvNtNtNvXs_NtCsidUxMVPzG8V_4dash6parserNtBi_10DashParserINtNtCsZGr40KKClp_4pest6parser6ParserNtBi_4RuleE5parse5rules7visible7workout00s3_00Bk_
FNDA:12,_RNCNCNCNCNCNvNtNtNvXs_NtCsidUxMVPzG8V_4dash6parserNtBk_10DashParserINtNtCsZGr40KKClp_4pest6parser6ParserNtBk_4RuleE5parse5rules7visible7workout00s3_000Bm_
FNDA:3,_RNCNCNCNCNCNCNvNtNtNvXs_NtCsidUxMVPzG8V_4dash6parserNtBm_10DashParserINtNtCsZGr40KKClp_4pest6parser6ParserNtBm_4RuleE5parse5rules7visible7workout00s3_0000Bo_
FNDA:3,_RNCNCNCNCNCNCNvNtNtNvXs_NtCsidUxMVPzG8V_4dash6parserNtBm_10DashParserINtNtCsZGr40KKClp_4pest6parser6ParserNtBm_4RuleE5parse5rules7visible7workout00s3_000s_0Bo_
FNDA:12,_RNCNCNCNvNtNtNvXs_NtCsidUxMVPzG8V_4dash6parserNtBg_10DashParserINtNtCsZGr40KKClp_4pest6parser6ParserNtBg_4RuleE5parse5rules7visible7workout00s4_0Bi_
FNDA:12,_RNCNCNCNvNtNtNvXs_NtCsidUxMVPzG8V_4dash6parserNtBg_10DashParserINtNtCsZGr40KKClp_4pest6parser6ParserNtBg_4RuleE5parse5rules7visible7workout00s5_0Bi_
FNDA:15,_RNCNvNtNtNvXs_NtCsidUxMVPzG8V_4dash6parserNtBc_10DashParserINtNtCsZGr40KKClp_4pest6parser6ParserNtBc_4RuleE5parse5rules7visible11warmup_step0Be_
FNDA:15,_RNCNCNvNtNtNvXs_NtCsidUxMVPzG8V_4dash6parserNtBe_10DashParserINtNtCsZGr40KKClp_4pest6parser6ParserNtBe_4RuleE5parse5rules7visible11warmup_step00Bg_
[...]
FNDA:0,_RNCNvNtNtNvXs_NtCs2oAQmRP640C_4dash6parserNtBc_10DashParserINtNtCsZGr40KKClp_4pest6parser6ParserNtBc_4RuleE5parse5rules7visible12workout_step0Be_
FNDA:0,_RNCNCNvNtNtNvXs_NtCs2oAQmRP640C_4dash6parserNtBe_10DashParserINtNtCsZGr40KKClp_4pest6parser6ParserNtBe_4RuleE5parse5rules7visible12workout_step00Bg_
FNDA:0,_RNCNCNCNvNtNtNvXs_NtCs2oAQmRP640C_4dash6parserNtBg_10DashParserINtNtCsZGr40KKClp_4pest6parser6ParserNtBg_4RuleE5parse5rules7visible12workout_step000Bi_
FNDA:0,_RNCNCNCNvNtNtNvXs_NtCs2oAQmRP640C_4dash6parserNtBg_10DashParserINtNtCsZGr40KKClp_4pest6parser6ParserNtBg_4RuleE5parse5rules7visible12workout_step00s_0Bi_
FNDA:0,_RNCNCNCNCNvNtNtNvXs_NtCs2oAQmRP640C_4dash6parserNtBi_10DashParserINtNtCsZGr40KKClp_4pest6parser6ParserNtBi_4RuleE5parse5rules7visible12workout_step00s_00Bk_
FNDA:0,_RNCNCNCNCNCNvNtNtNvXs_NtCs2oAQmRP640C_4dash6parserNtBk_10DashParserINtNtCsZGr40KKClp_4pest6parser6ParserNtBk_4RuleE5parse5rules7visible12workout_step00s_000Bm_
FNDA:0,_RNCNCNCNCNCNCNvNtNtNvXs_NtCs2oAQmRP640C_4dash6parserNtBm_10DashParserINtNtCsZGr40KKClp_4pest6parser6ParserNtBm_4RuleE5parse5rules7visible12workout_step00s_0000Bo_
FNDA:0,_RNCNCNCNCNCNCNvNtNtNvXs_NtCs2oAQmRP640C_4dash6parserNtBm_10DashParserINtNtCsZGr40KKClp_4pest6parser6ParserNtBm_4RuleE5parse5rules7visible12workout_step00s_000s_0Bo_
FNDA:0,_RNCNvNtNtNvXs_NtCs2oAQmRP640C_4dash6parserNtBc_10DashParserINtNtCsZGr40KKClp_4pest6parser6ParserNtBc_4RuleE5parse5rules7visible5alert0Be_
FNDA:0,_RNCNvNtNtNvXs_NtCs2oAQmRP640C_4dash6parserNtBc_10DashParserINtNtCsZGr40KKClp_4pest6parser6ParserNtBc_4RuleE5parse5rules7visible5alerts_0Be_
FNDA:0,_RNCNvNtNtNvXs_NtCs2oAQmRP640C_4dash6parserNtBc_10DashParserINtNtCsZGr40KKClp_4pest6parser6ParserNtBc_4RuleE5parse5rules7visible16heart_rate_alert0Be_
FNDA:0,_RNCNCNvNtNtNvXs_NtCs2oAQmRP640C_4dash6parserNtBe_10DashParserINtNtCsZGr40KKClp_4pest6parser6ParserNtBe_4RuleE5parse5rules7visible16heart_rate_alert00Bg_
FNDA:0,_RNCNCNvNtNtNvXs_NtCs2oAQmRP640C_4dash6parserNtBe_10DashParserINtNtCsZGr40KKClp_4pest6parser6ParserNtBe_4RuleE5parse5rules7visible16heart_rate_alert0s_0Bg_
FNDA:0,_RNCNCNvNtNtNvXs_NtCs2oAQmRP640C_4dash6parserNtBe_10DashParserINtNtCsZGr40KKClp_4pest6parser6ParserNtBe_4RuleE5parse5rules7visible16heart_rate_alert0s0_0Bg_
FNDA:0,_RNCNCNvNtNtNvXs_NtCs2oAQmRP640C_4dash6parserNtBe_10DashParserINtNtCsZGr40KKClp_4pest6parser6ParserNtBe_4RuleE5parse5rules7visible16heart_rate_alert0s1_0Bg_
FNDA:0,_RNCNvNtNtNvXs_NtCs2oAQmRP640C_4dash6parserNtBc_10DashParserINtNtCsZGr40KKClp_4pest6parser6ParserNtBc_4RuleE5parse5rules7visible2z10Be_
FNDA:0,_RNCNvNtNtNvXs_NtCs2oAQmRP640C_4dash6parserNtBc_10DashParserINtNtCsZGr40KKClp_4pest6parser6ParserNtBc_4RuleE5parse5rules7visible2z20Be_
FNDA:0,_RNCNvNtNtNvXs_NtCs2oAQmRP640C_4dash6parserNtBc_10DashParserINtNtCsZGr40KKClp_4pest6parser6ParserNtBc_4RuleE5parse5rules7visible2z30Be_
FNDA:0,_RNCNvNtNtNvXs_NtCs2oAQmRP640C_4dash6parserNtBc_10DashParserINtNtCsZGr40KKClp_4pest6parser6ParserNtBc_4RuleE5parse5rules7visible2z40Be_
FNDA:0,_RNCNvNtNtNvXs_NtCs2oAQmRP640C_4dash6parserNtBc_10DashParserINtNtCsZGr40KKClp_4pest6parser6ParserNtBc_4RuleE5parse5rules7visible2z50Be_
FNDA:0,_RNCNvNtNtNvXs_NtCs2oAQmRP640C_4dash6parserNtBc_10DashParserINtNtCsZGr40KKClp_4pest6parser6ParserNtBc_4RuleE5parse5rules7visible20pace_threshold_alert0Be_
FNDA:0,_RNCNvNtNtNvXs_NtCs2oAQmRP640C_4dash6parserNtBc_10DashParserINtNtCsZGr40KKClp_4pest6parser6ParserNtBc_4RuleE5parse5rules7visible16pace_range_alert0Be_
FNDA:0,_RNCNCNvNtNtNvXs_NtCs2oAQmRP640C_4dash6parserNtBe_10DashParserINtNtCsZGr40KKClp_4pest6parser6ParserNtBe_4RuleE5parse5rules7visible16pace_range_alert00Bg_
FNDA:0,_RNCNCNCNvNtNtNvXs_NtCs2oAQmRP640C_4dash6parserNtBg_10DashParserINtNtCsZGr40KKClp_4pest6parser6ParserNtBg_4RuleE5parse5rules7visible16pace_range_alert000Bi_
FNDA:0,_RNCNCNCNvNtNtNvXs_NtCs2oAQmRP640C_4dash6parserNtBg_10DashParserINtNtCsZGr40KKClp_4pest6parser6ParserNtBg_4RuleE5parse5rules7visible16pace_range_alert00s_0Bi_
FNDA:0,_RNCNCNCNvNtNtNvXs_NtCs2oAQmRP640C_4dash6parserNtBg_10DashParserINtNtCsZGr40KKClp_4pest6parser6ParserNtBg_4RuleE5parse5rules7visible16pace_range_alert00s0_0Bi_
FNDA:0,_RNCNCNCNvNtNtNvXs_NtCs2oAQmRP640C_4dash6parserNtBg_10DashParserINtNtCsZGr40KKClp_4pest6parser6ParserNtBg_4RuleE5parse5rules7visible16pace_range_alert00s1_0Bi_
FNDA:0,_RNCNCNCNvNtNtNvXs_NtCs2oAQmRP640C_4dash6parserNtBg_10DashParserINtNtCsZGr40KKClp_4pest6parser6ParserNtBg_4RuleE5parse5rules7visible16pace_range_alert00s2_0Bi_
FNDA:0,_RNCNCNCNvNtNtNvXs_NtCs2oAQmRP640C_4dash6parserNtBg_10DashParserINtNtCsZGr40KKClp_4pest6parser6ParserNtBg_4RuleE5parse5rules7visible16pace_range_alert00s3_0Bi_
FNDA:0,_RNCNCNCNvNtNtNvXs_NtCs2oAQmRP640C_4dash6parserNtBg_10DashParserINtNtCsZGr40KKClp_4pest6parser6ParserNtBg_4RuleE5parse5rules7visible16pace_range_alert00s4_0Bi_
FNDA:0,_RNCNCNCNvNtNtNvXs_NtCs2oAQmRP640C_4dash6parserNtBg_10DashParserINtNtCsZGr40KKClp_4pest6parser6ParserNtBg_4RuleE5parse5rules7visible16pace_range_alert00s5_0Bi_
FNDA:0,_RNCNvNtNtNvXs_NtCs2oAQmRP640C_4dash6parserNtBc_10DashParserINtNtCsZGr40KKClp_4pest6parser6ParserNtBc_4RuleE5parse5rules7visible4pace0Be_
FNDA:0,_RNCNCNvNtNtNvXs_NtCs2oAQmRP640C_4dash6parserNtBe_10DashParserINtNtCsZGr40KKClp_4pest6parser6ParserNtBe_4RuleE5parse5rules7visible4pace00Bg_
FNDA:0,_RNCNCNCNvNtNtNvXs_NtCs2oAQmRP640C_4dash6parserNtBg_10DashParserINtNtCsZGr40KKClp_4pest6parser6ParserNtBg_4RuleE5parse5rules7visible4pace000Bi_
FNDA:0,_RNCNCNCNvNtNtNvXs_NtCs2oAQmRP640C_4dash6parserNtBg_10DashParserINtNtCsZGr40KKClp_4pest6parser6ParserNtBg_4RuleE5parse5rules7visible4pace00s_0Bi_
FNDA:0,_RNCNCNCNvNtNtNvXs_NtCs2oAQmRP640C_4dash6parserNtBg_10DashParserINtNtCsZGr40KKClp_4pest6parser6ParserNtBg_4RuleE5parse5rules7visible4pace00s0_0Bi_
FNDA:0,_RNCNCNCNvNtNtNvXs_NtCs2oAQmRP640C_4dash6parserNtBg_10DashParserINtNtCsZGr40KKClp_4pest6parser6ParserNtBg_4RuleE5parse5rules7visible4pace00s1_0Bi_
FNDA:0,_RNCNvNtNtNvXs_NtCs2oAQmRP640C_4dash6parserNtBc_10DashParserINtNtCsZGr40KKClp_4pest6parser6ParserNtBc_4RuleE5parse5rules7visible9pace_time0Be_
FNDA:0,_RNCNCNvNtNtNvXs_NtCs2oAQmRP640C_4dash6parserNtBe_10DashParserINtNtCsZGr40KKClp_4pest6parser6ParserNtBe_4RuleE5parse5rules7visible9pace_time00Bg_
FNDA:0,_RNCNCNCNvNtNtNvXs_NtCs2oAQmRP640C_4dash6parserNtBg_10DashParserINtNtCsZGr40KKClp_4pest6parser6ParserNtBg_4RuleE5parse5rules7visible9pace_time000Bi_
FNDA:0,_RNCNCNCNCNvNtNtNvXs_NtCs2oAQmRP640C_4dash6parserNtBi_10DashParserINtNtCsZGr40KKClp_4pest6parser6ParserNtBi_4RuleE5parse5rules7visible9pace_time0000Bk_
FNDA:0,_RNCNCNCNCNCNvNtNtNvXs_NtCs2oAQmRP640C_4dash6parserNtBk_10DashParserINtNtCsZGr40KKClp_4pest6parser6ParserNtBk_4RuleE5parse5rules7visible9pace_time00000Bm_
FNDA:0,_RNCNCNCNCNCNCNvNtNtNvXs_NtCs2oAQmRP640C_4dash6parserNtBm_10DashParserINtNtCsZGr40KKClp_4pest6parser6ParserNtBm_4RuleE5parse5rules7visible9pace_time000000Bo_
FNDA:0,_RNCNCNCNCNvNtNtNvXs_NtCs2oAQmRP640C_4dash6parserNtBi_10DashParserINtNtCsZGr40KKClp_4pest6parser6ParserNtBi_4RuleE5parse5rules7visible9pace_time000s_0Bk_
FNDA:0,_RNCNCNCNCNvNtNtNvXs_NtCs2oAQmRP640C_4dash6parserNtBi_10DashParserINtNtCsZGr40KKClp_4pest6parser6ParserNtBi_4RuleE5parse5rules7visible9pace_time000s0_0Bk_
FNDA:0,_RNCNCNCNCNvNtNtNvXs_NtCs2oAQmRP640C_4dash6parserNtBi_10DashParserINtNtCsZGr40KKClp_4pest6parser6ParserNtBi_4RuleE5parse5rules7visible9pace_time000s1_0Bk_
FNDA:0,_RNCNvNtNtNvXs_NtCs2oAQmRP640C_4dash6parserNtBc_10DashParserINtNtCsZGr40KKClp_4pest6parser6ParserNtBc_4RuleE5parse5rules7visible4goal0Be_
FNDA:0,_RNCNvNtNtNvXs_NtCs2oAQmRP640C_4dash6parserNtBc_10DashParserINtNtCsZGr40KKClp_4pest6parser6ParserNtBc_4RuleE5parse5rules7visible13distance_goal0Be_
FNDA:0,_RNCNCNvNtNtNvXs_NtCs2oAQmRP640C_4dash6parserNtBe_10DashParserINtNtCsZGr40KKClp_4pest6parser6ParserNtBe_4RuleE5parse5rules7visible13distance_goal00Bg_
FNDA:0,_RNCNCNCNvNtNtNvXs_NtCs2oAQmRP640C_4dash6parserNtBg_10DashParserINtNtCsZGr40KKClp_4pest6parser6ParserNtBg_4RuleE5parse5rules7visible13distance_goal000Bi_
FNDA:0,_RNCNCNCNvNtNtNvXs_NtCs2oAQmRP640C_4dash6parserNtBg_10DashParserINtNtCsZGr40KKClp_4pest6parser6ParserNtBg_4RuleE5parse5rules7visible13distance_goal00s_0Bi_
FNDA:0,_RNCNvNtNtNvXs_NtCs2oAQmRP640C_4dash6parserNtBc_10DashParserINtNtCsZGr40KKClp_4pest6parser6ParserNtBc_4RuleE5parse5rules7visible13duration_goal0Be_
FNDA:0,_RNCNCNvNtNtNvXs_NtCs2oAQmRP640C_4dash6parserNtBe_10DashParserINtNtCsZGr40KKClp_4pest6parser6ParserNtBe_4RuleE5parse5rules7visible13duration_goal00Bg_
FNDA:0,_RNCNCNCNvNtNtNvXs_NtCs2oAQmRP640C_4dash6parserNtBg_10DashParserINtNtCsZGr40KKClp_4pest6parser6ParserNtBg_4RuleE5parse5rules7visible13duration_goal000Bi_
FNDA:0,_RNCNCNCNvNtNtNvXs_NtCs2oAQmRP640C_4dash6parserNtBg_10DashParserINtNtCsZGr40KKClp_4pest6parser6ParserNtBg_4RuleE5parse5rules7visible13duration_goal00s_0Bi_
FNDA:0,_RNCNvNtNtNvXs_NtCs2oAQmRP640C_4dash6parserNtBc_10DashParserINtNtCsZGr40KKClp_4pest6parser6ParserNtBc_4RuleE5parse5rules7visible11unit_length0Be_
FNDA:0,_RNCNvNtNtNvXs_NtCs2oAQmRP640C_4dash6parserNtBc_10DashParserINtNtCsZGr40KKClp_4pest6parser6ParserNtBc_4RuleE5parse5rules7visible11unit_lengths_0Be_
FNDA:0,_RNCNvNtNtNvXs_NtCs2oAQmRP640C_4dash6parserNtBc_10DashParserINtNtCsZGr40KKClp_4pest6parser6ParserNtBc_4RuleE5parse5rules7visible11unit_lengths0_0Be_
FNDA:0,_RNCNvNtNtNvXs_NtCs2oAQmRP640C_4dash6parserNtBc_10DashParserINtNtCsZGr40KKClp_4pest6parser6ParserNtBc_4RuleE5parse5rules7visible11unit_lengths1_0Be_
FNDA:0,_RNCNvNtNtNvXs_NtCs2oAQmRP640C_4dash6parserNtBc_10DashParserINtNtCsZGr40KKClp_4pest6parser6ParserNtBc_4RuleE5parse5rules7visible5miles0Be_
FNDA:0,_RNCNCNvNtNtNvXs_NtCs2oAQmRP640C_4dash6parserNtBe_10DashParserINtNtCsZGr40KKClp_4pest6parser6ParserNtBe_4RuleE5parse5rules7visible5miles00Bg_
FNDA:0,_RNCNCNvNtNtNvXs_NtCs2oAQmRP640C_4dash6parserNtBe_10DashParserINtNtCsZGr40KKClp_4pest6parser6ParserNtBe_4RuleE5parse5rules7visible5miles0s_0Bg_
FNDA:0,_RNCNvNtNtNvXs_NtCs2oAQmRP640C_4dash6parserNtBc_10DashParserINtNtCsZGr40KKClp_4pest6parser6ParserNtBc_4RuleE5parse5rules7visible5yards0Be_
FNDA:0,_RNCNCNvNtNtNvXs_NtCs2oAQmRP640C_4dash6parserNtBe_10DashParserINtNtCsZGr40KKClp_4pest6parser6ParserNtBe_4RuleE5parse5rules7visible5yards00Bg_
FNDA:0,_RNCNCNvNtNtNvXs_NtCs2oAQmRP640C_4dash6parserNtBe_10DashParserINtNtCsZGr40KKClp_4pest6parser6ParserNtBe_4RuleE5parse5rules7visible5yards0s_0Bg_
FNDA:0,_RNCNvNtNtNvXs_NtCs2oAQmRP640C_4dash6parserNtBc_10DashParserINtNtCsZGr40KKClp_4pest6parser6ParserNtBc_4RuleE5parse5rules7visible4feet0Be_
FNDA:0,_RNCNCNvNtNtNvXs_NtCs2oAQmRP640C_4dash6parserNtBe_10DashParserINtNtCsZGr40KKClp_4pest6parser6ParserNtBe_4RuleE5parse5rules7visible4feet00Bg_
FNDA:0,_RNCNCNvNtNtNvXs_NtCs2oAQmRP640C_4dash6parserNtBe_10DashParserINtNtCsZGr40KKClp_4pest6parser6ParserNtBe_4RuleE5parse5rules7visible4feet0s_0Bg_
FNDA:0,_RNCNvNtNtNvXs_NtCs2oAQmRP640C_4dash6parserNtBc_10DashParserINtNtCsZGr40KKClp_4pest6parser6ParserNtBc_4RuleE5parse5rules7visible5meter0Be_
FNDA:0,_RNCNCNvNtNtNvXs_NtCs2oAQmRP640C_4dash6parserNtBe_10DashParserINtNtCsZGr40KKClp_4pest6parser6ParserNtBe_4RuleE5parse5rules7visible5meter00Bg_
FNDA:0,_RNCNCNvNtNtNvXs_NtCs2oAQmRP640C_4dash6parserNtBe_10DashParserINtNtCsZGr40KKClp_4pest6parser6ParserNtBe_4RuleE5parse5rules7visible5meter0s_0Bg_
FNDA:0,_RNCNvNtNtNvXs_NtCs2oAQmRP640C_4dash6parserNtBc_10DashParserINtNtCsZGr40KKClp_4pest6parser6ParserNtBc_4RuleE5parse5rules7visible9kilometer0Be_
FNDA:0,_RNCNCNvNtNtNvXs_NtCs2oAQmRP640C_4dash6parserNtBe_10DashParserINtNtCsZGr40KKClp_4pest6parser6ParserNtBe_4RuleE5parse5rules7visible9kilometer00Bg_
FNDA:0,_RNCNCNvNtNtNvXs_NtCs2oAQmRP640C_4dash6parserNtBe_10DashParserINtNtCsZGr40KKClp_4pest6parser6ParserNtBe_4RuleE5parse5rules7visible9kilometer0s_0Bg_
FNDA:0,_RNCNvNtNtNvXs_NtCs2oAQmRP640C_4dash6parserNtBc_10DashParserINtNtCsZGr40KKClp_4pest6parser6ParserNtBc_4RuleE5parse5rules7visible13unit_duration0Be_
FNDA:0,_RNCNvNtNtNvXs_NtCs2oAQmRP640C_4dash6parserNtBc_10DashParserINtNtCsZGr40KKClp_4pest6parser6ParserNtBc_4RuleE5parse5rules7visible13unit_durations_0Be_
FNDA:0,_RNCNvNtNtNvXs_NtCs2oAQmRP640C_4dash6parserNtBc_10DashParserINtNtCsZGr40KKClp_4pest6parser6ParserNtBc_4RuleE5parse5rules7visible7seconds0Be_
FNDA:0,_RNCNCNvNtNtNvXs_NtCs2oAQmRP640C_4dash6parserNtBe_10DashParserINtNtCsZGr40KKClp_4pest6parser6ParserNtBe_4RuleE5parse5rules7visible7seconds00Bg_
FNDA:0,_RNCNCNvNtNtNvXs_NtCs2oAQmRP640C_4dash6parserNtBe_10DashParserINtNtCsZGr40KKClp_4pest6parser6ParserNtBe_4RuleE5parse5rules7visible7seconds0s_0Bg_
FNDA:0,_RNCNvNtNtNvXs_NtCs2oAQmRP640C_4dash6parserNtBc_10DashParserINtNtCsZGr40KKClp_4pest6parser6ParserNtBc_4RuleE5parse5rules7visible7minutes0Be_
FNDA:0,_RNCNCNvNtNtNvXs_NtCs2oAQmRP640C_4dash6parserNtBe_10DashParserINtNtCsZGr40KKClp_4pest6parser6ParserNtBe_4RuleE5parse5rules7visible7minutes00Bg_
FNDA:0,_RNCNCNvNtNtNvXs_NtCs2oAQmRP640C_4dash6parserNtBe_10DashParserINtNtCsZGr40KKClp_4pest6parser6ParserNtBe_4RuleE5parse5rules7visible7minutes0s_0Bg_
FNDA:0,_RNCNvNtNtNvXs_NtCs2oAQmRP640C_4dash6parserNtBc_10DashParserINtNtCsZGr40KKClp_4pest6parser6ParserNtBc_4RuleE5parse5rules7visible5hours0Be_
FNDA:0,_RNCNCNvNtNtNvXs_NtCs2oAQmRP640C_4dash6parserNtBe_10DashParserINtNtCsZGr40KKClp_4pest6parser6ParserNtBe_4RuleE5parse5rules7visible5hours00Bg_
FNDA:0,_RNCNCNvNtNtNvXs_NtCs2oAQmRP640C_4dash6parserNtBe_10DashParserINtNtCsZGr40KKClp_4pest6parser6ParserNtBe_4RuleE5parse5rules7visible5hours0s_0Bg_
FNDA:0,_RNCNvNtNtNvXs_NtCs2oAQmRP640C_4dash6parserNtBc_10DashParserINtNtCsZGr40KKClp_4pest6parser6ParserNtBc_4RuleE5parse5rules7visible6number0Be_
FNDA:0,_RNCNCNvNtNtNvXs_NtCs2oAQmRP640C_4dash6parserNtBe_10DashParserINtNtCsZGr40KKClp_4pest6parser6ParserNtBe_4RuleE5parse5rules7visible6number00Bg_
FNDA:0,_RNCNCNCNvNtNtNvXs_NtCs2oAQmRP640C_4dash6parserNtBg_10DashParserINtNtCsZGr40KKClp_4pest6parser6ParserNtBg_4RuleE5parse5rules7visible6number000Bi_
FNDA:0,_RNCNCNCNCNvNtNtNvXs_NtCs2oAQmRP640C_4dash6parserNtBi_10DashParserINtNtCsZGr40KKClp_4pest6parser6ParserNtBi_4RuleE5parse5rules7visible6number0000Bk_
FNDA:0,_RNCNCNCNCNCNvNtNtNvXs_NtCs2oAQmRP640C_4dash6parserNtBk_10DashParserINtNtCsZGr40KKClp_4pest6parser6ParserNtBk_4RuleE5parse5rules7visible6number00000Bm_
FNDA:0,_RNCNCNCNCNCNCNvNtNtNvXs_NtCs2oAQmRP640C_4dash6parserNtBm_10DashParserINtNtCsZGr40KKClp_4pest6parser6ParserNtBm_4RuleE5parse5rules7visible6number000000Bo_
FNDA:0,_RNCNCNCNCNvNtNtNvXs_NtCs2oAQmRP640C_4dash6parserNtBi_10DashParserINtNtCsZGr40KKClp_4pest6parser6ParserNtBi_4RuleE5parse5rules7visible6number000s_0Bk_
FNDA:0,_RNCNCNCNCNCNvNtNtNvXs_NtCs2oAQmRP640C_4dash6parserNtBk_10DashParserINtNtCsZGr40KKClp_4pest6parser6ParserNtBk_4RuleE5parse5rules7visible6number000s_00Bm_
FNDA:0,_RNCNCNCNCNCNCNvNtNtNvXs_NtCs2oAQmRP640C_4dash6parserNtBm_10DashParserINtNtCsZGr40KKClp_4pest6parser6ParserNtBm_4RuleE5parse5rules7visible6number000s_000Bo_
FNDA:0,_RNCNCNCNCNCNCNCNvNtNtNvXs_NtCs2oAQmRP640C_4dash6parserNtBo_10DashParserINtNtCsZGr40KKClp_4pest6parser6ParserNtBo_4RuleE5parse5rules7visible6number000s_0000Bq_
FNDA:0,_RNCNCNCNCNCNCNCNvNtNtNvXs_NtCs2oAQmRP640C_4dash6parserNtBo_10DashParserINtNtCsZGr40KKClp_4pest6parser6ParserNtBo_4RuleE5parse5rules7visible6number000s_000s_0Bq_
FNDA:0,_RNCNCNCNCNCNCNCNCNvNtNtNvXs_NtCs2oAQmRP640C_4dash6parserNtBq_10DashParserINtNtCsZGr40KKClp_4pest6parser6ParserNtBq_4RuleE5parse5rules7visible6number000s_000s_00Bs_
FNDA:0,_RNCNvNtNtNvXs_NtCs2oAQmRP640C_4dash6parserNtBc_10DashParserINtNtCsZGr40KKClp_4pest6parser6ParserNtBc_4RuleE5parse5rules7visible3EOI0Be_
FNDA:0,_RNCNvXs_NtCs2oAQmRP640C_4dash6parserNtB6_10DashParserINtNtCsZGr40KKClp_4pest6parser6ParserNtB6_4RuleE5parse0B8_
FNF:13
FNH:13
DA:6,5384
DA:10,15
DA:11,15
DA:13,9
DA:14,9
DA:15,9
DA:18,24
DA:19,24
DA:21,3
DA:24,3
DA:27,9
DA:28,9
DA:30,9
DA:31,0
DA:35,9
DA:36,9
DA:37,9
DA:38,9
DA:39,9
DA:40,15
DA:42,30
DA:43,30
DA:44,30
DA:45,30
DA:46,30
DA:48,42
DA:49,42
DA:50,23
DA:51,23
DA:52,23
DA:53,23
DA:54,23
DA:55,23
DA:56,7
DA:57,7
DA:58,7
DA:59,7
DA:60,7
DA:61,7
DA:62,10
DA:63,10
DA:64,10
DA:65,10
DA:66,10
DA:68,1
DA:69,1
DA:70,1
DA:73,1
DA:75,0
DA:79,30
DA:80,30
DA:81,30
DA:82,30
DA:83,30
DA:85,9
DA:86,9
DA:87,9
DA:88,9
DA:89,29
DA:90,20
DA:92,20
DA:94,0
DA:97,9
DA:98,9
DA:100,20
DA:101,20
DA:102,20
DA:103,20
DA:104,20
DA:105,20
DA:106,20
DA:107,20
DA:108,20
DA:109,5
DA:110,5
DA:111,9
DA:112,9
DA:115,15
DA:118,20
DA:119,20
DA:121,24
DA:122,24
DA:123,24
DA:124,24
DA:125,24
DA:126,24
DA:127,24
DA:128,24
DA:129,24
DA:131,3
DA:132,3
DA:133,3
DA:134,3
DA:135,3
DA:136,3
DA:137,3
DA:139,1
DA:140,1
DA:141,1
DA:142,1
DA:143,1
DA:144,1
DA:145,1
DA:146,1
DA:147,1
DA:148,1
DA:149,1
DA:150,1
DA:151,1
DA:154,1
DA:156,1
DA:157,1
DA:158,1
DA:159,1
DA:161,1
DA:163,1
DA:164,1
DA:165,1
DA:166,1
DA:167,1
DA:169,25
DA:170,25
DA:171,21
DA:172,1
DA:173,1
DA:174,1
DA:175,1
DA:176,0
DA:178,25
DA:180,7
DA:181,7
DA:182,1
DA:183,5
DA:184,1
DA:185,0
DA:187,7
DA:189,10
DA:190,10
DA:191,1
DA:192,1
DA:193,4
DA:194,3
DA:195,1
DA:196,0
DA:198,10
BRF:0
BRH:0
LF:146
LH:140
end_of_record
SF:/Users/adrien/Sources/Libraries/dash/src/parser/tests.rs
FN:5,_RNvNtNtCsidUxMVPzG8V_4dash6parser5testss_18test_parse_workout
FN:30,_RNvNtNtCsidUxMVPzG8V_4dash6parser5testss_42test_parse_workout_without_warmup_cooldown
FN:42,_RNvNtNtCsidUxMVPzG8V_4dash6parser5testss_37test_parse_workout_with_duration_goal
FN:60,_RNvNtNtCsidUxMVPzG8V_4dash6parser5testss_38test_parse_workout_with_pace_threshold
FN:77,_RNvNtNtCsidUxMVPzG8V_4dash6parser5testss_34test_parse_workout_with_pace_range
FN:96,_RNvNtNtCsidUxMVPzG8V_4dash6parser5testss_44test_parse_workout_with_all_heart_rate_zones
FN:121,_RNvNtNtCsidUxMVPzG8V_4dash6parser5testss_46test_parse_workout_with_different_length_units
FN:146,_RNvNtNtCsidUxMVPzG8V_4dash6parser5testss_44test_parse_workout_with_different_time_units
FN:165,_RNvNtNtCsidUxMVPzG8V_4dash6parser5testss_42test_parse_workout_with_multiple_intervals
FN:193,_RNvNtNtCsidUxMVPzG8V_4dash6parser5testss_37test_parse_workout_with_invalid_input
FNDA:1,_RNvNtNtCsidUxMVPzG8V_4dash6parser5testss_18test_parse_workout
FNDA:1,_RNvNtNtCsidUxMVPzG8V_4dash6parser5testss_42test_parse_workout_without_warmup_cooldown
FNDA:1,_RNvNtNtCsidUxMVPzG8V_4dash6parser5testss_37test_parse_workout_with_duration_goal
FNDA:1,_RNvNtNtCsidUxMVPzG8V_4dash6parser5testss_38test_parse_workout_with_pace_threshold
FNDA:1,_RNvNtNtCsidUxMVPzG8V_4dash6parser5testss_34test_parse_workout_with_pace_range
FNDA:1,_RNvNtNtCsidUxMVPzG8V_4dash6parser5testss_44test_parse_workout_with_all_heart_rate_zones
FNDA:1,_RNvNtNtCsidUxMVPzG8V_4dash6parser5testss_46test_parse_workout_with_different_length_units
FNDA:1,_RNvNtNtCsidUxMVPzG8V_4dash6parser5testss_44test_parse_workout_with_different_time_units
FNDA:1,_RNvNtNtCsidUxMVPzG8V_4dash6parser5testss_42test_parse_workout_with_multiple_intervals
FNDA:1,_RNvNtNtCsidUxMVPzG8V_4dash6parser5testss_37test_parse_workout_with_invalid_input
FNF:10
FNH:10
DA:5,1
DA:6,1
DA:7,1
DA:8,1
DA:10,1
DA:11,1
DA:12,1
DA:13,1
DA:16,1
DA:17,1
DA:18,1
DA:21,1
DA:22,1
DA:23,0
DA:26,1
DA:27,1
DA:30,1
DA:31,1
DA:32,1
DA:33,1
DA:35,1
DA:36,1
DA:37,1
DA:38,1
DA:39,1
DA:42,1
DA:43,1
DA:44,1
DA:45,1
DA:46,1
DA:48,1
DA:49,1
DA:50,1
DA:51,1
DA:52,1
DA:53,1
DA:55,0
DA:57,1
DA:60,1
DA:61,1
DA:62,1
DA:63,1
DA:65,1
DA:66,1
DA:67,1
DA:68,1
DA:69,1
DA:70,1
DA:72,0
DA:74,1
DA:77,1
DA:78,1
DA:79,1
DA:80,1
DA:82,1
DA:83,1
DA:84,1
DA:85,1
DA:86,1
DA:87,1
DA:88,1
DA:89,1
DA:91,0
DA:93,1
DA:96,1
DA:97,1
DA:98,1
DA:99,1
DA:101,1
DA:102,1
DA:104,1
DA:105,1
DA:106,1
DA:107,1
DA:108,1
DA:109,1
DA:110,1
DA:112,5
DA:113,5
DA:114,5
DA:115,0
DA:118,1
DA:121,1
DA:122,1
DA:123,1
DA:124,1
DA:126,1
DA:127,1
DA:129,1
DA:130,1
DA:131,1
DA:132,1
DA:133,1
DA:134,1
DA:135,1
DA:137,5
DA:138,5
DA:139,5
DA:140,0
DA:143,1
DA:146,1
DA:147,1
DA:148,1
DA:149,1
DA:151,1
DA:152,1
DA:154,1
DA:156,3
DA:157,3
DA:158,3
DA:159,0
DA:162,1
DA:165,1
DA:166,1
DA:167,1
DA:168,1
DA:170,1
DA:171,1
DA:174,1
DA:175,1
DA:176,1
DA:177,1
DA:178,1
DA:179,0
DA:183,1
DA:184,1
DA:185,1
DA:186,1
DA:187,1
DA:188,0
DA:190,1
DA:193,1
DA:194,1
DA:195,1
DA:196,1
DA:197,1
DA:198,1
DA:199,1
DA:200,1
DA:201,1
DA:203,7
DA:204,6
DA:205,6
DA:207,1
BRF:0
BRH:0
LF:144
LH:135
end_of_record